<?xml version="1.0" encoding="UTF-8"?>
<coverage generated="1785925904095" clover="3.2.0">
  <project timestamp="1785925904095" name="All files">
    <metrics statements="148" coveredstatements="137" conditionals="107" coveredconditionals="84" methods="67" coveredmethods="61" elements="322" coveredelements="282" complexity="0" loc="148" ncloc="148" packages="7" files="20" classes="20"/>
    <package name="components">
      <metrics statements="34" coveredstatements="31" conditionals="24" coveredconditionals="19" methods="18" coveredmethods="14"/>
      <file name="AddInternForm.tsx" path="D:\task1\js\js-training-hariprakash\react\session4\src\components\AddInternForm.tsx">
        <metrics statements="6" coveredstatements="6" conditionals="4" coveredconditionals="4" methods="2" coveredmethods="2"/>
        <line num="17" count="34" type="stmt"/>
        <line num="26" count="34" type="stmt"/>
        <line num="29" count="4" type="stmt"/>
        <line num="31" count="4" type="stmt"/>
        <line num="33" count="4" type="cond" truecount="2" falsecount="0"/>
        <line num="39" count="34" type="stmt"/>
      </file>
      <file name="InternCard.tsx" path="D:\task1\js\js-training-hariprakash\react\session4\src\components\InternCard.tsx">
        <metrics statements="1" coveredstatements="1" conditionals="2" coveredconditionals="2" methods="1" coveredmethods="1"/>
        <line num="12" count="21" type="stmt"/>
      </file>
      <file name="InternList.tsx" path="D:\task1\js\js-training-hariprakash\react\session4\src\components\InternList.tsx">
        <metrics statements="5" coveredstatements="5" conditionals="2" coveredconditionals="2" methods="2" coveredmethods="2"/>
        <line num="19" count="2" type="stmt"/>
        <line num="24" count="2" type="stmt"/>
        <line num="28" count="3" type="cond" truecount="2" falsecount="0"/>
        <line num="30" count="3" type="stmt"/>
        <line num="33" count="7" type="stmt"/>
      </file>
      <file name="InternRow.tsx" path="D:\task1\js\js-training-hariprakash\react\session4\src\components\InternRow.tsx">
        <metrics statements="3" coveredstatements="3" conditionals="4" coveredconditionals="2" methods="2" coveredmethods="2"/>
        <line num="16" count="3" type="stmt"/>
        <line num="18" count="3" type="stmt"/>
        <line num="34" count="1" type="stmt"/>
      </file>
      <file name="Navbar.tsx" path="D:\task1\js\js-training-hariprakash\react\session4\src\components\Navbar.tsx">
        <metrics statements="2" coveredstatements="2" conditionals="6" coveredconditionals="6" methods="1" coveredmethods="1"/>
        <line num="4" count="5" type="stmt"/>
        <line num="6" count="5" type="stmt"/>
      </file>
      <file name="ScoreStats.tsx" path="D:\task1\js\js-training-hariprakash\react\session4\src\components\ScoreStats.tsx">
        <metrics statements="8" coveredstatements="5" conditionals="6" coveredconditionals="3" methods="6" coveredmethods="2"/>
        <line num="5" count="2" type="stmt"/>
        <line num="7" count="2" type="stmt"/>
        <line num="8" count="2" type="stmt"/>
        <line num="9" count="2" type="stmt"/>
        <line num="13" count="0" type="cond" truecount="1" falsecount="1"/>
        <line num="14" count="0" type="stmt"/>
        <line num="18" count="2" type="stmt"/>
        <line num="26" count="0" type="stmt"/>
      </file>
      <file name="SummaryBar.tsx" path="D:\task1\js\js-training-hariprakash\react\session4\src\components\SummaryBar.tsx">
        <metrics statements="9" coveredstatements="9" conditionals="0" coveredconditionals="0" methods="4" coveredmethods="4"/>
        <line num="24" count="8" type="stmt"/>
        <line num="32" count="17" type="stmt"/>
        <line num="42" count="3" type="stmt"/>
        <line num="44" count="3" type="stmt"/>
        <line num="46" count="3" type="stmt"/>
        <line num="48" count="3" type="stmt"/>
        <line num="49" count="9" type="stmt"/>
        <line num="53" count="3" type="stmt"/>
        <line num="55" count="3" type="stmt"/>
      </file>
    </package>
    <package name="contexts">
      <metrics statements="22" coveredstatements="21" conditionals="8" coveredconditionals="6" methods="9" coveredmethods="8"/>
      <file name="intern-context.tsx" path="D:\task1\js\js-training-hariprakash\react\session4\src\contexts\intern-context.tsx">
        <metrics statements="11" coveredstatements="10" conditionals="2" coveredconditionals="2" methods="4" coveredmethods="3"/>
        <line num="41" count="11" type="stmt"/>
        <line num="50" count="35" type="stmt"/>
        <line num="53" count="2" type="stmt"/>
        <line num="54" count="2" type="stmt"/>
        <line num="58" count="0" type="stmt"/>
        <line num="61" count="35" type="stmt"/>
        <line num="68" count="35" type="stmt"/>
        <line num="76" count="40" type="stmt"/>
        <line num="78" count="40" type="cond" truecount="2" falsecount="0"/>
        <line num="79" count="2" type="stmt"/>
        <line num="82" count="38" type="stmt"/>
      </file>
      <file name="theme-context.tsx" path="D:\task1\js\js-training-hariprakash\react\session4\src\contexts\theme-context.tsx">
        <metrics statements="11" coveredstatements="11" conditionals="6" coveredconditionals="4" methods="5" coveredmethods="5"/>
        <line num="11" count="8" type="stmt"/>
        <line num="14" count="34" type="stmt"/>
        <line num="16" count="34" type="stmt"/>
        <line num="17" count="34" type="cond" truecount="2" falsecount="0"/>
        <line num="18" count="1" type="stmt"/>
        <line num="20" count="33" type="stmt"/>
        <line num="25" count="1" type="cond" truecount="1" falsecount="1"/>
        <line num="28" count="34" type="stmt"/>
        <line num="36" count="8" type="stmt"/>
        <line num="37" count="8" type="cond" truecount="1" falsecount="1"/>
        <line num="38" count="8" type="stmt"/>
      </file>
    </package>
    <package name="hooks">
      <metrics statements="40" coveredstatements="39" conditionals="30" coveredconditionals="19" methods="13" coveredmethods="13"/>
      <file name="useCounter.tsx" path="D:\task1\js\js-training-hariprakash\react\session4\src\hooks\useCounter.tsx">
        <metrics statements="11" coveredstatements="10" conditionals="15" coveredconditionals="5" methods="5" coveredmethods="5"/>
        <line num="31" count="10" type="cond" truecount="1" falsecount="1"/>
        <line num="41" count="5" type="cond" truecount="3" falsecount="1"/>
        <line num="43" count="3" type="stmt"/>
        <line num="46" count="1" type="stmt"/>
        <line num="49" count="1" type="stmt"/>
        <line num="52" count="0" type="stmt"/>
        <line num="56" count="10" type="stmt"/>
        <line num="59" count="3" type="stmt"/>
        <line num="63" count="1" type="stmt"/>
        <line num="67" count="1" type="stmt"/>
        <line num="70" count="10" type="stmt"/>
      </file>
      <file name="useInternForm.tsx" path="D:\task1\js\js-training-hariprakash\react\session4\src\hooks\useInternForm.tsx">
        <metrics statements="26" coveredstatements="26" conditionals="14" coveredconditionals="13" methods="6" coveredmethods="6"/>
        <line num="40" count="4" type="stmt"/>
        <line num="51" count="60" type="stmt"/>
        <line num="52" count="60" type="stmt"/>
        <line num="57" count="31" type="stmt"/>
        <line num="60" count="31" type="cond" truecount="1" falsecount="1"/>
        <line num="66" count="31" type="stmt"/>
        <line num="71" count="31" type="cond" truecount="4" falsecount="0"/>
        <line num="72" count="21" type="stmt"/>
        <line num="75" count="31" type="cond" truecount="2" falsecount="0"/>
        <line num="80" count="9" type="stmt"/>
        <line num="85" count="4" type="stmt"/>
        <line num="86" count="4" type="stmt"/>
        <line num="90" count="4" type="stmt"/>
        <line num="91" count="4" type="stmt"/>
        <line num="92" count="4" type="stmt"/>
        <line num="93" count="4" type="stmt"/>
        <line num="95" count="1" type="stmt"/>
        <line num="96" count="1" type="stmt"/>
        <line num="101" count="8" type="stmt"/>
        <line num="102" count="8" type="stmt"/>
        <line num="104" count="8" type="stmt"/>
        <line num="109" count="8" type="stmt"/>
        <line num="110" count="8" type="stmt"/>
        <line num="112" count="5" type="stmt"/>
        <line num="113" count="5" type="stmt"/>
        <line num="117" count="60" type="stmt"/>
      </file>
      <file name="useInternSearch.tsx" path="D:\task1\js\js-training-hariprakash\react\session4\src\hooks\useInternSearch.tsx">
        <metrics statements="3" coveredstatements="3" conditionals="1" coveredconditionals="1" methods="2" coveredmethods="2"/>
        <line num="27" count="1" type="stmt"/>
        <line num="28" count="1" type="stmt"/>
        <line num="32" count="1" type="stmt"/>
      </file>
    </package>
    <package name="repositories">
      <metrics statements="8" coveredstatements="8" conditionals="2" coveredconditionals="2" methods="9" coveredmethods="9"/>
      <file name="intern-repository.ts" path="D:\task1\js\js-training-hariprakash\react\session4\src\repositories\intern-repository.ts">
        <metrics statements="8" coveredstatements="8" conditionals="2" coveredconditionals="2" methods="9" coveredmethods="9"/>
        <line num="6" count="48" type="stmt"/>
        <line num="8" count="48" type="stmt"/>
        <line num="9" count="11" type="stmt"/>
        <line num="11" count="48" type="stmt"/>
        <line num="12" count="3" type="stmt"/>
        <line num="14" count="48" type="stmt"/>
        <line num="15" count="3" type="cond" truecount="2" falsecount="0"/>
        <line num="17" count="48" type="stmt"/>
      </file>
    </package>
    <package name="services">
      <metrics statements="25" coveredstatements="22" conditionals="25" coveredconditionals="22" methods="9" coveredmethods="9"/>
      <file name="intern-service.ts" path="D:\task1\js\js-training-hariprakash\react\session4\src\services\intern-service.ts">
        <metrics statements="25" coveredstatements="22" conditionals="25" coveredconditionals="22" methods="9" coveredmethods="9"/>
        <line num="9" count="5" type="cond" truecount="1" falsecount="1"/>
        <line num="10" count="0" type="stmt"/>
        <line num="13" count="5" type="cond" truecount="3" falsecount="1"/>
        <line num="14" count="0" type="stmt"/>
        <line num="17" count="5" type="cond" truecount="1" falsecount="1"/>
        <line num="18" count="0" type="stmt"/>
        <line num="21" count="5" type="stmt"/>
        <line num="33" count="3" type="cond" truecount="2" falsecount="0"/>
        <line num="34" count="1" type="stmt"/>
        <line num="37" count="2" type="cond" truecount="4" falsecount="0"/>
        <line num="38" count="1" type="stmt"/>
        <line num="41" count="1" type="stmt"/>
        <line num="47" count="41" type="cond" truecount="2" falsecount="0"/>
        <line num="48" count="34" type="stmt"/>
        <line num="51" count="7" type="stmt"/>
        <line num="52" count="15" type="stmt"/>
        <line num="56" count="7" type="stmt"/>
        <line num="62" count="3" type="cond" truecount="2" falsecount="0"/>
        <line num="69" count="4" type="stmt"/>
        <line num="71" count="4" type="cond" truecount="2" falsecount="0"/>
        <line num="75" count="9" type="cond" truecount="2" falsecount="0"/>
        <line num="79" count="4" type="stmt"/>
        <line num="84" count="4" type="stmt"/>
        <line num="91" count="6" type="stmt"/>
        <line num="92" count="17" type="cond" truecount="2" falsecount="0"/>
      </file>
    </package>
    <package name="test">
      <metrics statements="2" coveredstatements="2" conditionals="0" coveredconditionals="0" methods="2" coveredmethods="2"/>
      <file name="test-utils.tsx" path="D:\task1\js\js-training-hariprakash\react\session4\src\test\test-utils.tsx">
        <metrics statements="2" coveredstatements="2" conditionals="0" coveredconditionals="0" methods="2" coveredmethods="2"/>
        <line num="9" count="32" type="stmt"/>
        <line num="13" count="32" type="stmt"/>
      </file>
    </package>
    <package name="utils">
      <metrics statements="17" coveredstatements="14" conditionals="18" coveredconditionals="16" methods="7" coveredmethods="6"/>
      <file name="assert.ts" path="D:\task1\js\js-training-hariprakash\react\session4\src\utils\assert.ts">
        <metrics statements="1" coveredstatements="1" conditionals="2" coveredconditionals="2" methods="1" coveredmethods="1"/>
        <line num="2" count="42" type="cond" truecount="2" falsecount="0"/>
      </file>
      <file name="generate-id.ts" path="D:\task1\js\js-training-hariprakash\react\session4\src\utils\generate-id.ts">
        <metrics statements="1" coveredstatements="1" conditionals="2" coveredconditionals="2" methods="1" coveredmethods="1"/>
        <line num="5" count="3" type="stmt"/>
      </file>
      <file name="intern-save.ts" path="D:\task1\js\js-training-hariprakash\react\session4\src\utils\intern-save.ts">
        <metrics statements="6" coveredstatements="3" conditionals="6" coveredconditionals="4" methods="2" coveredmethods="1"/>
        <line num="9" count="1" type="cond" truecount="1" falsecount="1"/>
        <line num="10" count="0" type="stmt"/>
        <line num="13" count="1" type="cond" truecount="3" falsecount="1"/>
        <line num="14" count="0" type="stmt"/>
        <line num="17" count="1" type="stmt"/>
        <line num="24" count="0" type="stmt"/>
      </file>
      <file name="intern-utils.ts" path="D:\task1\js\js-training-hariprakash\react\session4\src\utils\intern-utils.ts">
        <metrics statements="3" coveredstatements="3" conditionals="2" coveredconditionals="2" methods="2" coveredmethods="2"/>
        <line num="13" count="6" type="stmt"/>
        <line num="15" count="6" type="stmt"/>
        <line num="17" count="24" type="cond" truecount="2" falsecount="0"/>
      </file>
      <file name="intern-validation.ts" path="D:\task1\js\js-training-hariprakash\react\session4\src\utils\intern-validation.ts">
        <metrics statements="6" coveredstatements="6" conditionals="6" coveredconditionals="6" methods="1" coveredmethods="1"/>
        <line num="8" count="18" type="stmt"/>
        <line num="13" count="18" type="stmt"/>
        <line num="18" count="18" type="cond" truecount="2" falsecount="0"/>
        <line num="19" count="7" type="stmt"/>
        <line num="22" count="11" type="cond" truecount="4" falsecount="0"/>
        <line num="23" count="3" type="stmt"/>
      </file>
    </package>
  </project>
</coverage>
