<?xml version="1.0" encoding="UTF-8"?>
<coverage generated="1785491371118" clover="3.2.0">
  <project timestamp="1785491371118" name="All files">
    <metrics statements="124" coveredstatements="118" conditionals="91" coveredconditionals="71" methods="57" coveredmethods="52" elements="272" coveredelements="241" complexity="0" loc="124" ncloc="124" packages="5" files="17" classes="17"/>
    <package name="components">
      <metrics statements="37" coveredstatements="36" conditionals="30" coveredconditionals="26" methods="18" coveredmethods="18"/>
      <file name="AddInternForm.tsx" path="D:\task1\js\js-training-hariprakash\react\session4\src\components\AddInternForm.tsx">
        <metrics statements="6" coveredstatements="6" conditionals="4" coveredconditionals="4" methods="2" coveredmethods="2"/>
        <line num="17" count="34" type="stmt"/>
        <line num="26" count="34" type="stmt"/>
        <line num="29" count="4" type="stmt"/>
        <line num="31" count="4" type="stmt"/>
        <line num="33" count="4" type="cond" truecount="2" falsecount="0"/>
        <line num="39" count="34" type="stmt"/>
      </file>
      <file name="InternCard.tsx" path="D:\task1\js\js-training-hariprakash\react\session4\src\components\InternCard.tsx">
        <metrics statements="1" coveredstatements="1" conditionals="2" coveredconditionals="2" methods="1" coveredmethods="1"/>
        <line num="12" count="21" type="stmt"/>
      </file>
      <file name="InternList.tsx" path="D:\task1\js\js-training-hariprakash\react\session4\src\components\InternList.tsx">
        <metrics statements="5" coveredstatements="5" conditionals="2" coveredconditionals="2" methods="2" coveredmethods="2"/>
        <line num="19" count="2" type="stmt"/>
        <line num="24" count="2" type="stmt"/>
        <line num="28" count="3" type="cond" truecount="2" falsecount="0"/>
        <line num="30" count="3" type="stmt"/>
        <line num="33" count="7" type="stmt"/>
      </file>
      <file name="InternRow.tsx" path="D:\task1\js\js-training-hariprakash\react\session4\src\components\InternRow.tsx">
        <metrics statements="3" coveredstatements="3" conditionals="4" coveredconditionals="2" methods="2" coveredmethods="2"/>
        <line num="16" count="3" type="stmt"/>
        <line num="18" count="3" type="stmt"/>
        <line num="34" count="1" type="stmt"/>
      </file>
      <file name="Navbar.tsx" path="D:\task1\js\js-training-hariprakash\react\session4\src\components\Navbar.tsx">
        <metrics statements="2" coveredstatements="2" conditionals="6" coveredconditionals="6" methods="1" coveredmethods="1"/>
        <line num="4" count="5" type="stmt"/>
        <line num="6" count="5" type="stmt"/>
      </file>
      <file name="ScoreStats.tsx" path="D:\task1\js\js-training-hariprakash\react\session4\src\components\ScoreStats.tsx">
        <metrics statements="10" coveredstatements="10" conditionals="8" coveredconditionals="8" methods="6" coveredmethods="6"/>
        <line num="5" count="5" type="stmt"/>
        <line num="7" count="5" type="stmt"/>
        <line num="8" count="8" type="stmt"/>
        <line num="9" count="5" type="stmt"/>
        <line num="13" count="8" type="cond" truecount="2" falsecount="0"/>
        <line num="14" count="8" type="stmt"/>
        <line num="18" count="5" type="cond" truecount="2" falsecount="0"/>
        <line num="19" count="3" type="stmt"/>
        <line num="22" count="2" type="stmt"/>
        <line num="30" count="8" type="stmt"/>
      </file>
      <file name="SummaryBar.tsx" path="D:\task1\js\js-training-hariprakash\react\session4\src\components\SummaryBar.tsx">
        <metrics statements="10" coveredstatements="9" conditionals="4" coveredconditionals="2" methods="4" coveredmethods="4"/>
        <line num="21" count="8" type="stmt"/>
        <line num="37" count="3" type="stmt"/>
        <line num="39" count="3" type="cond" truecount="1" falsecount="1"/>
        <line num="40" count="0" type="stmt"/>
        <line num="43" count="3" type="stmt"/>
        <line num="45" count="3" type="stmt"/>
        <line num="46" count="9" type="stmt"/>
        <line num="49" count="3" type="cond" truecount="1" falsecount="1"/>
        <line num="51" count="9" type="stmt"/>
        <line num="56" count="3" type="stmt"/>
      </file>
    </package>
    <package name="contexts">
      <metrics statements="30" coveredstatements="29" conditionals="11" coveredconditionals="8" methods="18" coveredmethods="14"/>
      <file name="intern-context.tsx" path="D:\task1\js\js-training-hariprakash\react\session4\src\contexts\intern-context.tsx">
        <metrics statements="19" coveredstatements="18" conditionals="5" coveredconditionals="4" methods="13" coveredmethods="9"/>
        <line num="40" count="11" type="stmt"/>
        <line num="43" count="38" type="stmt"/>
        <line num="44" count="38" type="stmt"/>
        <line num="46" count="38" type="stmt"/>
        <line num="53" count="38" type="stmt"/>
        <line num="54" count="34" type="stmt"/>
        <line num="55" count="2" type="stmt"/>
        <line num="56" count="2" type="stmt"/>
        <line num="57" count="8" type="stmt"/>
        <line num="58" count="2" type="cond" truecount="1" falsecount="1"/>
        <line num="60" count="2" type="stmt"/>
        <line num="62" count="34" type="stmt"/>
        <line num="66" count="2" type="stmt"/>
        <line num="70" count="2" type="stmt"/>
        <line num="75" count="0" type="stmt"/>
        <line num="78" count="38" type="stmt"/>
        <line num="86" count="43" type="stmt"/>
        <line num="87" count="43" type="cond" truecount="2" falsecount="0"/>
        <line num="88" count="41" type="stmt"/>
      </file>
      <file name="theme-context.tsx" path="D:\task1\js\js-training-hariprakash\react\session4\src\contexts\theme-context.tsx">
        <metrics statements="11" coveredstatements="11" conditionals="6" coveredconditionals="4" methods="5" coveredmethods="5"/>
        <line num="11" count="8" type="stmt"/>
        <line num="14" count="35" type="stmt"/>
        <line num="16" count="35" type="stmt"/>
        <line num="17" count="35" type="cond" truecount="2" falsecount="0"/>
        <line num="18" count="1" type="stmt"/>
        <line num="20" count="34" type="stmt"/>
        <line num="25" count="1" type="cond" truecount="1" falsecount="1"/>
        <line num="28" count="35" type="stmt"/>
        <line num="36" count="8" type="stmt"/>
        <line num="37" count="8" type="cond" truecount="1" falsecount="1"/>
        <line num="38" count="8" type="stmt"/>
      </file>
    </package>
    <package name="hooks">
      <metrics statements="40" coveredstatements="39" conditionals="34" coveredconditionals="23" methods="13" coveredmethods="13"/>
      <file name="useCounter.tsx" path="D:\task1\js\js-training-hariprakash\react\session4\src\hooks\useCounter.tsx">
        <metrics statements="11" coveredstatements="10" conditionals="15" coveredconditionals="5" methods="5" coveredmethods="5"/>
        <line num="31" count="10" type="cond" truecount="1" falsecount="1"/>
        <line num="41" count="5" type="cond" truecount="3" falsecount="1"/>
        <line num="43" count="3" type="stmt"/>
        <line num="46" count="1" type="stmt"/>
        <line num="49" count="1" type="stmt"/>
        <line num="52" count="0" type="stmt"/>
        <line num="56" count="10" type="stmt"/>
        <line num="59" count="3" type="stmt"/>
        <line num="63" count="1" type="stmt"/>
        <line num="67" count="1" type="stmt"/>
        <line num="70" count="10" type="stmt"/>
      </file>
      <file name="useInternForm.tsx" path="D:\task1\js\js-training-hariprakash\react\session4\src\hooks\useInternForm.tsx">
        <metrics statements="26" coveredstatements="26" conditionals="18" coveredconditionals="17" methods="6" coveredmethods="6"/>
        <line num="40" count="4" type="stmt"/>
        <line num="51" count="60" type="stmt"/>
        <line num="52" count="60" type="stmt"/>
        <line num="57" count="31" type="stmt"/>
        <line num="60" count="31" type="cond" truecount="1" falsecount="1"/>
        <line num="66" count="31" type="stmt"/>
        <line num="71" count="31" type="cond" truecount="4" falsecount="0"/>
        <line num="72" count="21" type="stmt"/>
        <line num="75" count="31" type="cond" truecount="2" falsecount="0"/>
        <line num="80" count="9" type="stmt"/>
        <line num="85" count="4" type="stmt"/>
        <line num="86" count="4" type="stmt"/>
        <line num="90" count="4" type="stmt"/>
        <line num="95" count="4" type="cond" truecount="2" falsecount="0"/>
        <line num="96" count="1" type="stmt"/>
        <line num="97" count="1" type="stmt"/>
        <line num="100" count="3" type="stmt"/>
        <line num="101" count="3" type="stmt"/>
        <line num="105" count="8" type="stmt"/>
        <line num="110" count="8" type="cond" truecount="2" falsecount="0"/>
        <line num="111" count="5" type="stmt"/>
        <line num="112" count="5" type="stmt"/>
        <line num="115" count="3" type="stmt"/>
        <line num="120" count="3" type="stmt"/>
        <line num="122" count="3" type="stmt"/>
        <line num="125" count="60" type="stmt"/>
      </file>
      <file name="useInternSearch.tsx" path="D:\task1\js\js-training-hariprakash\react\session4\src\hooks\useInternSearch.tsx">
        <metrics statements="3" coveredstatements="3" conditionals="1" coveredconditionals="1" methods="2" coveredmethods="2"/>
        <line num="27" count="1" type="stmt"/>
        <line num="28" count="1" type="stmt"/>
        <line num="32" count="1" type="stmt"/>
      </file>
    </package>
    <package name="test">
      <metrics statements="2" coveredstatements="2" conditionals="0" coveredconditionals="0" methods="2" coveredmethods="2"/>
      <file name="test-utils.tsx" path="D:\task1\js\js-training-hariprakash\react\session4\src\test\test-utils.tsx">
        <metrics statements="2" coveredstatements="2" conditionals="0" coveredconditionals="0" methods="2" coveredmethods="2"/>
        <line num="9" count="33" type="stmt"/>
        <line num="13" count="33" type="stmt"/>
      </file>
    </package>
    <package name="utils">
      <metrics statements="15" coveredstatements="12" conditionals="16" coveredconditionals="14" methods="6" coveredmethods="5"/>
      <file name="generate-id.ts" path="D:\task1\js\js-training-hariprakash\react\session4\src\utils\generate-id.ts">
        <metrics statements="1" coveredstatements="1" conditionals="2" coveredconditionals="2" methods="1" coveredmethods="1"/>
        <line num="5" count="3" type="stmt"/>
      </file>
      <file name="intern-save.ts" path="D:\task1\js\js-training-hariprakash\react\session4\src\utils\intern-save.ts">
        <metrics statements="6" coveredstatements="3" conditionals="6" coveredconditionals="4" methods="2" coveredmethods="1"/>
        <line num="9" count="1" type="cond" truecount="1" falsecount="1"/>
        <line num="10" count="0" type="stmt"/>
        <line num="13" count="1" type="cond" truecount="3" falsecount="1"/>
        <line num="14" count="0" type="stmt"/>
        <line num="17" count="1" type="stmt"/>
        <line num="24" count="0" type="stmt"/>
      </file>
      <file name="intern-utils.ts" path="D:\task1\js\js-training-hariprakash\react\session4\src\utils\intern-utils.ts">
        <metrics statements="3" coveredstatements="3" conditionals="2" coveredconditionals="2" methods="2" coveredmethods="2"/>
        <line num="13" count="6" type="stmt"/>
        <line num="15" count="6" type="stmt"/>
        <line num="17" count="24" type="cond" truecount="2" falsecount="0"/>
      </file>
      <file name="intern-validation.ts" path="D:\task1\js\js-training-hariprakash\react\session4\src\utils\intern-validation.ts">
        <metrics statements="5" coveredstatements="5" conditionals="6" coveredconditionals="6" methods="1" coveredmethods="1"/>
        <line num="5" count="21" type="cond" truecount="2" falsecount="0"/>
        <line num="6" count="8" type="stmt"/>
        <line num="9" count="13" type="cond" truecount="4" falsecount="0"/>
        <line num="10" count="3" type="stmt"/>
        <line num="13" count="10" type="stmt"/>
      </file>
    </package>
  </project>
</coverage>
