{"D:\\task1\\js\\js-training-hariprakash\\react\\session4\\src\\components\\AddInternForm.tsx": {"path":"D:\\task1\\js\\js-training-hariprakash\\react\\session4\\src\\components\\AddInternForm.tsx","statementMap":{"0":{"start":{"line":11,"column":62},"end":{"line":11,"column":76}},"1":{"start":{"line":12,"column":33},"end":{"line":12,"column":44}},"2":{"start":{"line":15,"column":4},"end":{"line":15,"column":null}},"3":{"start":{"line":15,"column":20},"end":{"line":15,"column":null}},"4":{"start":{"line":17,"column":22},"end":{"line":17,"column":null}},"5":{"start":{"line":18,"column":4},"end":{"line":18,"column":null}},"6":{"start":{"line":19,"column":4},"end":{"line":19,"column":null}},"7":{"start":{"line":20,"column":4},"end":{"line":20,"column":null}},"8":{"start":{"line":23,"column":2},"end":{"line":65,"column":null}}},"fnMap":{"0":{"name":"AddInternForm","decl":{"start":{"line":10,"column":9},"end":{"line":10,"column":23}},"loc":{"start":{"line":10,"column":50},"end":{"line":67,"column":null}},"line":10},"1":{"name":"handleSubmit","decl":{"start":{"line":14,"column":11},"end":{"line":14,"column":32}},"loc":{"start":{"line":14,"column":32},"end":{"line":21,"column":null}},"line":14}},"branchMap":{"0":{"loc":{"start":{"line":15,"column":4},"end":{"line":15,"column":null}},"type":"if","locations":[{"start":{"line":15,"column":4},"end":{"line":15,"column":null}},{"start":{},"end":{}}],"line":15},"1":{"loc":{"start":{"line":25,"column":7},"end":{"line":25,"column":null}},"type":"binary-expr","locations":[{"start":{"line":25,"column":7},"end":{"line":25,"column":16}},{"start":{"line":25,"column":16},"end":{"line":25,"column":null}}],"line":25}},"s":{"0":34,"1":34,"2":4,"3":3,"4":1,"5":1,"6":1,"7":4,"8":34},"f":{"0":34,"1":4},"b":{"0":[3,1],"1":[34,3]},"meta":{"lastBranch":2,"lastFunction":2,"lastStatement":9,"seen":{"f:10:9:10:23":0,"s:11:62:11:76":0,"s:12:33:12:44":1,"f:14:11:14:32":1,"b:15:4:15:Infinity:undefined:undefined:undefined:undefined":0,"s:15:4:15:Infinity":2,"s:15:20:15:Infinity":3,"s:17:22:17:Infinity":4,"s:18:4:18:Infinity":5,"s:19:4:19:Infinity":6,"s:20:4:20:Infinity":7,"s:23:2:65:Infinity":8,"b:25:7:25:16:25:16:25:Infinity":1},"fnNames":{}}}
,"D:\\task1\\js\\js-training-hariprakash\\react\\session4\\src\\components\\InternCard.tsx": {"path":"D:\\task1\\js\\js-training-hariprakash\\react\\session4\\src\\components\\InternCard.tsx","statementMap":{"0":{"start":{"line":12,"column":2},"end":{"line":26,"column":null}}},"fnMap":{"0":{"name":"InternCard","decl":{"start":{"line":7,"column":9},"end":{"line":7,"column":20}},"loc":{"start":{"line":11,"column":20},"end":{"line":28,"column":null}},"line":11}},"branchMap":{"0":{"loc":{"start":{"line":25,"column":10},"end":{"line":25,"column":46}},"type":"cond-expr","locations":[{"start":{"line":25,"column":22},"end":{"line":25,"column":34}},{"start":{"line":25,"column":34},"end":{"line":25,"column":46}}],"line":25}},"s":{"0":21},"f":{"0":21},"b":{"0":[17,4]},"meta":{"lastBranch":1,"lastFunction":1,"lastStatement":1,"seen":{"f:7:9:7:20":0,"s:12:2:26:Infinity":0,"b:25:22:25:34:25:34:25:46":0},"fnNames":{}}}
,"D:\\task1\\js\\js-training-hariprakash\\react\\session4\\src\\components\\InternList.tsx": {"path":"D:\\task1\\js\\js-training-hariprakash\\react\\session4\\src\\components\\InternList.tsx","statementMap":{"0":{"start":{"line":19,"column":37},"end":{"line":22,"column":null}},"1":{"start":{"line":24,"column":19},"end":{"line":44,"column":null}},"2":{"start":{"line":28,"column":15},"end":{"line":28,"column":null}},"3":{"start":{"line":30,"column":2},"end":{"line":42,"column":null}},"4":{"start":{"line":33,"column":8},"end":{"line":40,"column":null}}},"fnMap":{"0":{"name":"InternList","decl":{"start":{"line":24,"column":33},"end":{"line":24,"column":44}},"loc":{"start":{"line":27,"column":34},"end":{"line":44,"column":1}},"line":27},"1":{"name":"(anonymous_1)","decl":{"start":{"line":32,"column":12},"end":{"line":32,"column":17}},"loc":{"start":{"line":33,"column":8},"end":{"line":40,"column":null}},"line":33}},"branchMap":{"0":{"loc":{"start":{"line":28,"column":15},"end":{"line":28,"column":null}},"type":"binary-expr","locations":[{"start":{"line":28,"column":15},"end":{"line":28,"column":26}},{"start":{"line":28,"column":26},"end":{"line":28,"column":null}}],"line":28}},"s":{"0":2,"1":2,"2":3,"3":3,"4":7},"f":{"0":3,"1":7},"b":{"0":[3,1]},"meta":{"lastBranch":1,"lastFunction":2,"lastStatement":5,"seen":{"s:19:37:22:Infinity":0,"s:24:19:44:Infinity":1,"f:24:33:24:44":0,"s:28:15:28:Infinity":2,"b:28:15:28:26:28:26:28:Infinity":0,"s:30:2:42:Infinity":3,"f:32:12:32:17":1,"s:33:8:40:Infinity":4},"fnNames":{}}}
,"D:\\task1\\js\\js-training-hariprakash\\react\\session4\\src\\components\\InternRow.tsx": {"path":"D:\\task1\\js\\js-training-hariprakash\\react\\session4\\src\\components\\InternRow.tsx","statementMap":{"0":{"start":{"line":16,"column":20},"end":{"line":16,"column":29}},"1":{"start":{"line":18,"column":2},"end":{"line":38,"column":null}},"2":{"start":{"line":34,"column":23},"end":{"line":34,"column":null}}},"fnMap":{"0":{"name":"InternRow","decl":{"start":{"line":10,"column":9},"end":{"line":10,"column":19}},"loc":{"start":{"line":15,"column":19},"end":{"line":40,"column":null}},"line":15},"1":{"name":"(anonymous_1)","decl":{"start":{"line":34,"column":8},"end":{"line":34,"column":23}},"loc":{"start":{"line":34,"column":23},"end":{"line":34,"column":null}},"line":34}},"branchMap":{"0":{"loc":{"start":{"line":21,"column":20},"end":{"line":21,"column":null}},"type":"cond-expr","locations":[{"start":{"line":21,"column":40},"end":{"line":21,"column":49}},{"start":{"line":21,"column":49},"end":{"line":21,"column":null}}],"line":21},"1":{"loc":{"start":{"line":22,"column":15},"end":{"line":22,"column":null}},"type":"cond-expr","locations":[{"start":{"line":22,"column":35},"end":{"line":22,"column":44}},{"start":{"line":22,"column":44},"end":{"line":22,"column":null}}],"line":22}},"s":{"0":3,"1":3,"2":1},"f":{"0":3,"1":1},"b":{"0":[3,0],"1":[3,0]},"meta":{"lastBranch":2,"lastFunction":2,"lastStatement":3,"seen":{"f:10:9:10:19":0,"s:16:20:16:29":0,"s:18:2:38:Infinity":1,"b:21:40:21:49:21:49:21:Infinity":0,"b:22:35:22:44:22:44:22:Infinity":1,"f:34:8:34:23":1,"s:34:23:34:Infinity":2},"fnNames":{}}}
,"D:\\task1\\js\\js-training-hariprakash\\react\\session4\\src\\components\\Navbar.tsx": {"path":"D:\\task1\\js\\js-training-hariprakash\\react\\session4\\src\\components\\Navbar.tsx","statementMap":{"0":{"start":{"line":4,"column":33},"end":{"line":4,"column":42}},"1":{"start":{"line":6,"column":2},"end":{"line":18,"column":null}}},"fnMap":{"0":{"name":"Navbar","decl":{"start":{"line":3,"column":9},"end":{"line":3,"column":18}},"loc":{"start":{"line":3,"column":18},"end":{"line":20,"column":null}},"line":3}},"branchMap":{"0":{"loc":{"start":{"line":8,"column":18},"end":{"line":8,"column":null}},"type":"cond-expr","locations":[{"start":{"line":8,"column":38},"end":{"line":8,"column":50}},{"start":{"line":8,"column":50},"end":{"line":8,"column":null}}],"line":8},"1":{"loc":{"start":{"line":9,"column":18},"end":{"line":9,"column":null}},"type":"cond-expr","locations":[{"start":{"line":9,"column":38},"end":{"line":9,"column":50}},{"start":{"line":9,"column":50},"end":{"line":9,"column":null}}],"line":9},"2":{"loc":{"start":{"line":16,"column":19},"end":{"line":16,"column":56}},"type":"cond-expr","locations":[{"start":{"line":16,"column":39},"end":{"line":16,"column":48}},{"start":{"line":16,"column":48},"end":{"line":16,"column":56}}],"line":16}},"s":{"0":5,"1":5},"f":{"0":5},"b":{"0":[4,1],"1":[4,1],"2":[4,1]},"meta":{"lastBranch":3,"lastFunction":1,"lastStatement":2,"seen":{"f:3:9:3:18":0,"s:4:33:4:42":0,"s:6:2:18:Infinity":1,"b:8:38:8:50:8:50:8:Infinity":0,"b:9:38:9:50:9:50:9:Infinity":1,"b:16:39:16:48:16:48:16:56":2},"fnNames":{}}}
,"D:\\task1\\js\\js-training-hariprakash\\react\\session4\\src\\components\\ScoreStats.tsx": {"path":"D:\\task1\\js\\js-training-hariprakash\\react\\session4\\src\\components\\ScoreStats.tsx","statementMap":{"0":{"start":{"line":5,"column":33},"end":{"line":5,"column":44}},"1":{"start":{"line":7,"column":16},"end":{"line":16,"column":null}},"2":{"start":{"line":8,"column":19},"end":{"line":8,"column":null}},"3":{"start":{"line":8,"column":36},"end":{"line":8,"column":43}},"4":{"start":{"line":9,"column":4},"end":{"line":15,"column":null}},"5":{"start":{"line":13,"column":63},"end":{"line":13,"column":70}},"6":{"start":{"line":14,"column":35},"end":{"line":14,"column":48}},"7":{"start":{"line":18,"column":2},"end":{"line":20,"column":null}},"8":{"start":{"line":19,"column":4},"end":{"line":19,"column":null}},"9":{"start":{"line":22,"column":2},"end":{"line":33,"column":null}},"10":{"start":{"line":30,"column":10},"end":{"line":30,"column":null}}},"fnMap":{"0":{"name":"ScoreStats","decl":{"start":{"line":4,"column":9},"end":{"line":4,"column":22}},"loc":{"start":{"line":4,"column":22},"end":{"line":35,"column":null}},"line":4},"1":{"name":"(anonymous_1)","decl":{"start":{"line":7,"column":16},"end":{"line":7,"column":30}},"loc":{"start":{"line":7,"column":30},"end":{"line":16,"column":5}},"line":7},"2":{"name":"(anonymous_2)","decl":{"start":{"line":8,"column":27},"end":{"line":8,"column":31}},"loc":{"start":{"line":8,"column":36},"end":{"line":8,"column":43}},"line":8},"3":{"name":"(anonymous_3)","decl":{"start":{"line":13,"column":46},"end":{"line":13,"column":54}},"loc":{"start":{"line":13,"column":63},"end":{"line":13,"column":70}},"line":13},"4":{"name":"(anonymous_4)","decl":{"start":{"line":14,"column":23},"end":{"line":14,"column":30}},"loc":{"start":{"line":14,"column":35},"end":{"line":14,"column":48}},"line":14},"5":{"name":"(anonymous_5)","decl":{"start":{"line":29,"column":17},"end":{"line":29,"column":21}},"loc":{"start":{"line":30,"column":10},"end":{"line":30,"column":null}},"line":30}},"branchMap":{"0":{"loc":{"start":{"line":10,"column":15},"end":{"line":10,"column":null}},"type":"cond-expr","locations":[{"start":{"line":10,"column":35},"end":{"line":10,"column":57}},{"start":{"line":10,"column":57},"end":{"line":10,"column":null}}],"line":10},"1":{"loc":{"start":{"line":11,"column":14},"end":{"line":11,"column":null}},"type":"cond-expr","locations":[{"start":{"line":11,"column":34},"end":{"line":11,"column":56}},{"start":{"line":11,"column":56},"end":{"line":11,"column":null}}],"line":11},"2":{"loc":{"start":{"line":13,"column":8},"end":{"line":13,"column":null}},"type":"cond-expr","locations":[{"start":{"line":13,"column":28},"end":{"line":13,"column":92}},{"start":{"line":13,"column":92},"end":{"line":13,"column":null}}],"line":13},"3":{"loc":{"start":{"line":18,"column":2},"end":{"line":20,"column":null}},"type":"if","locations":[{"start":{"line":18,"column":2},"end":{"line":20,"column":null}},{"start":{},"end":{}}],"line":18}},"s":{"0":5,"1":5,"2":5,"3":8,"4":5,"5":8,"6":8,"7":5,"8":3,"9":2,"10":8},"f":{"0":5,"1":5,"2":8,"3":8,"4":8,"5":8},"b":{"0":[2,3],"1":[2,3],"2":[2,3],"3":[3,2]},"meta":{"lastBranch":4,"lastFunction":6,"lastStatement":11,"seen":{"f:4:9:4:22":0,"s:5:33:5:44":0,"s:7:16:16:Infinity":1,"f:7:16:7:30":1,"s:8:19:8:Infinity":2,"f:8:27:8:31":2,"s:8:36:8:43":3,"s:9:4:15:Infinity":4,"b:10:35:10:57:10:57:10:Infinity":0,"b:11:34:11:56:11:56:11:Infinity":1,"b:13:28:13:92:13:92:13:Infinity":2,"f:13:46:13:54":3,"s:13:63:13:70":5,"f:14:23:14:30":4,"s:14:35:14:48":6,"b:18:2:20:Infinity:undefined:undefined:undefined:undefined":3,"s:18:2:20:Infinity":7,"s:19:4:19:Infinity":8,"s:22:2:33:Infinity":9,"f:29:17:29:21":5,"s:30:10:30:Infinity":10},"fnNames":{}}}
,"D:\\task1\\js\\js-training-hariprakash\\react\\session4\\src\\components\\SummaryBar.tsx": {"path":"D:\\task1\\js\\js-training-hariprakash\\react\\session4\\src\\components\\SummaryBar.tsx","statementMap":{"0":{"start":{"line":6,"column":33},"end":{"line":6,"column":44}},"1":{"start":{"line":8,"column":18},"end":{"line":14,"column":null}},"2":{"start":{"line":9,"column":18},"end":{"line":9,"column":null}},"3":{"start":{"line":10,"column":20},"end":{"line":10,"column":null}},"4":{"start":{"line":10,"column":40},"end":{"line":10,"column":51}},"5":{"start":{"line":11,"column":16},"end":{"line":11,"column":null}},"6":{"start":{"line":11,"column":66},"end":{"line":11,"column":81}},"7":{"start":{"line":13,"column":4},"end":{"line":13,"column":null}},"8":{"start":{"line":16,"column":2},"end":{"line":16,"column":null}},"9":{"start":{"line":16,"column":17},"end":{"line":16,"column":null}},"10":{"start":{"line":18,"column":2},"end":{"line":23,"column":null}}},"fnMap":{"0":{"name":"SummaryBar","decl":{"start":{"line":5,"column":9},"end":{"line":5,"column":22}},"loc":{"start":{"line":5,"column":22},"end":{"line":25,"column":null}},"line":5},"1":{"name":"(anonymous_1)","decl":{"start":{"line":8,"column":18},"end":{"line":8,"column":32}},"loc":{"start":{"line":8,"column":32},"end":{"line":14,"column":5}},"line":8},"2":{"name":"(anonymous_2)","decl":{"start":{"line":10,"column":28},"end":{"line":10,"column":35}},"loc":{"start":{"line":10,"column":40},"end":{"line":10,"column":51}},"line":10},"3":{"name":"(anonymous_3)","decl":{"start":{"line":11,"column":47},"end":{"line":11,"column":55}},"loc":{"start":{"line":11,"column":66},"end":{"line":11,"column":81}},"line":11}},"branchMap":{"0":{"loc":{"start":{"line":11,"column":16},"end":{"line":11,"column":null}},"type":"cond-expr","locations":[{"start":{"line":11,"column":28},"end":{"line":11,"column":95}},{"start":{"line":11,"column":95},"end":{"line":11,"column":null}}],"line":11},"1":{"loc":{"start":{"line":16,"column":2},"end":{"line":16,"column":null}},"type":"if","locations":[{"start":{"line":16,"column":2},"end":{"line":16,"column":null}},{"start":{},"end":{}}],"line":16}},"s":{"0":3,"1":3,"2":3,"3":3,"4":9,"5":3,"6":9,"7":3,"8":3,"9":0,"10":3},"f":{"0":3,"1":3,"2":9,"3":9},"b":{"0":[3,0],"1":[0,3]},"meta":{"lastBranch":2,"lastFunction":4,"lastStatement":11,"seen":{"f:5:9:5:22":0,"s:6:33:6:44":0,"s:8:18:14:Infinity":1,"f:8:18:8:32":1,"s:9:18:9:Infinity":2,"s:10:20:10:Infinity":3,"f:10:28:10:35":2,"s:10:40:10:51":4,"s:11:16:11:Infinity":5,"b:11:28:11:95:11:95:11:Infinity":0,"f:11:47:11:55":3,"s:11:66:11:81":6,"s:13:4:13:Infinity":7,"b:16:2:16:Infinity:undefined:undefined:undefined:undefined":1,"s:16:2:16:Infinity":8,"s:16:17:16:Infinity":9,"s:18:2:23:Infinity":10},"fnNames":{}}}
,"D:\\task1\\js\\js-training-hariprakash\\react\\session4\\src\\contexts\\intern-context.tsx": {"path":"D:\\task1\\js\\js-training-hariprakash\\react\\session4\\src\\contexts\\intern-context.tsx","statementMap":{"0":{"start":{"line":15,"column":22},"end":{"line":15,"column":null}},"1":{"start":{"line":18,"column":36},"end":{"line":18,"column":null}},"2":{"start":{"line":19,"column":36},"end":{"line":19,"column":null}},"3":{"start":{"line":21,"column":2},"end":{"line":31,"column":null}},"4":{"start":{"line":22,"column":4},"end":{"line":30,"column":null}},"5":{"start":{"line":23,"column":6},"end":{"line":28,"column":null}},"6":{"start":{"line":29,"column":6},"end":{"line":29,"column":null}},"7":{"start":{"line":34,"column":4},"end":{"line":34,"column":null}},"8":{"start":{"line":34,"column":23},"end":{"line":34,"column":40}},"9":{"start":{"line":38,"column":4},"end":{"line":38,"column":null}},"10":{"start":{"line":38,"column":23},"end":{"line":38,"column":52}},"11":{"start":{"line":38,"column":40},"end":{"line":38,"column":51}},"12":{"start":{"line":41,"column":2},"end":{"line":44,"column":null}},"13":{"start":{"line":49,"column":18},"end":{"line":49,"column":null}},"14":{"start":{"line":50,"column":2},"end":{"line":50,"column":null}},"15":{"start":{"line":50,"column":16},"end":{"line":50,"column":null}},"16":{"start":{"line":51,"column":2},"end":{"line":51,"column":null}}},"fnMap":{"0":{"name":"InternProvider","decl":{"start":{"line":17,"column":16},"end":{"line":17,"column":31}},"loc":{"start":{"line":17,"column":70},"end":{"line":46,"column":null}},"line":17},"1":{"name":"(anonymous_1)","decl":{"start":{"line":21,"column":2},"end":{"line":21,"column":18}},"loc":{"start":{"line":21,"column":18},"end":{"line":31,"column":5}},"line":21},"2":{"name":"(anonymous_2)","decl":{"start":{"line":22,"column":4},"end":{"line":22,"column":21}},"loc":{"start":{"line":22,"column":21},"end":{"line":30,"column":7}},"line":22},"3":{"name":"addIntern","decl":{"start":{"line":33,"column":11},"end":{"line":33,"column":21}},"loc":{"start":{"line":33,"column":43},"end":{"line":35,"column":null}},"line":33},"4":{"name":"(anonymous_4)","decl":{"start":{"line":34,"column":4},"end":{"line":34,"column":15}},"loc":{"start":{"line":34,"column":23},"end":{"line":34,"column":40}},"line":34},"5":{"name":"removeIntern","decl":{"start":{"line":37,"column":11},"end":{"line":37,"column":24}},"loc":{"start":{"line":37,"column":42},"end":{"line":39,"column":null}},"line":37},"6":{"name":"(anonymous_6)","decl":{"start":{"line":38,"column":4},"end":{"line":38,"column":15}},"loc":{"start":{"line":38,"column":23},"end":{"line":38,"column":52}},"line":38},"7":{"name":"(anonymous_7)","decl":{"start":{"line":38,"column":28},"end":{"line":38,"column":35}},"loc":{"start":{"line":38,"column":40},"end":{"line":38,"column":51}},"line":38},"8":{"name":"useInterns","decl":{"start":{"line":48,"column":16},"end":{"line":48,"column":48}},"loc":{"start":{"line":48,"column":48},"end":{"line":52,"column":null}},"line":48}},"branchMap":{"0":{"loc":{"start":{"line":50,"column":2},"end":{"line":50,"column":null}},"type":"if","locations":[{"start":{"line":50,"column":2},"end":{"line":50,"column":null}},{"start":{},"end":{}}],"line":50}},"s":{"0":9,"1":36,"2":36,"3":36,"4":33,"5":8,"6":8,"7":1,"8":1,"9":0,"10":0,"11":0,"12":36,"13":41,"14":41,"15":2,"16":39},"f":{"0":36,"1":33,"2":8,"3":1,"4":1,"5":0,"6":0,"7":0,"8":41},"b":{"0":[2,39]},"meta":{"lastBranch":1,"lastFunction":9,"lastStatement":17,"seen":{"s:15:22:15:Infinity":0,"f:17:16:17:31":0,"s:18:36:18:Infinity":1,"s:19:36:19:Infinity":2,"s:21:2:31:Infinity":3,"f:21:2:21:18":1,"s:22:4:30:Infinity":4,"f:22:4:22:21":2,"s:23:6:28:Infinity":5,"s:29:6:29:Infinity":6,"f:33:11:33:21":3,"s:34:4:34:Infinity":7,"f:34:4:34:15":4,"s:34:23:34:40":8,"f:37:11:37:24":5,"s:38:4:38:Infinity":9,"f:38:4:38:15":6,"s:38:23:38:52":10,"f:38:28:38:35":7,"s:38:40:38:51":11,"s:41:2:44:Infinity":12,"f:48:16:48:48":8,"s:49:18:49:Infinity":13,"b:50:2:50:Infinity:undefined:undefined:undefined:undefined":0,"s:50:2:50:Infinity":14,"s:50:16:50:Infinity":15,"s:51:2:51:Infinity":16},"fnNames":{}}}
,"D:\\task1\\js\\js-training-hariprakash\\react\\session4\\src\\contexts\\theme-context.tsx": {"path":"D:\\task1\\js\\js-training-hariprakash\\react\\session4\\src\\contexts\\theme-context.tsx","statementMap":{"0":{"start":{"line":11,"column":21},"end":{"line":11,"column":null}},"1":{"start":{"line":14,"column":28},"end":{"line":14,"column":null}},"2":{"start":{"line":17,"column":4},"end":{"line":17,"column":null}},"3":{"start":{"line":17,"column":21},"end":{"line":17,"column":56}},"4":{"start":{"line":20,"column":2},"end":{"line":23,"column":null}},"5":{"start":{"line":28,"column":18},"end":{"line":28,"column":null}},"6":{"start":{"line":29,"column":2},"end":{"line":29,"column":null}},"7":{"start":{"line":29,"column":16},"end":{"line":29,"column":null}},"8":{"start":{"line":30,"column":2},"end":{"line":30,"column":null}}},"fnMap":{"0":{"name":"ThemeProvider","decl":{"start":{"line":13,"column":16},"end":{"line":13,"column":30}},"loc":{"start":{"line":13,"column":69},"end":{"line":25,"column":null}},"line":13},"1":{"name":"toggleTheme","decl":{"start":{"line":16,"column":11},"end":{"line":16,"column":31}},"loc":{"start":{"line":16,"column":31},"end":{"line":18,"column":null}},"line":16},"2":{"name":"(anonymous_2)","decl":{"start":{"line":17,"column":4},"end":{"line":17,"column":13}},"loc":{"start":{"line":17,"column":21},"end":{"line":17,"column":56}},"line":17},"3":{"name":"useTheme","decl":{"start":{"line":27,"column":16},"end":{"line":27,"column":45}},"loc":{"start":{"line":27,"column":45},"end":{"line":31,"column":null}},"line":27}},"branchMap":{"0":{"loc":{"start":{"line":17,"column":21},"end":{"line":17,"column":56}},"type":"cond-expr","locations":[{"start":{"line":17,"column":40},"end":{"line":17,"column":49}},{"start":{"line":17,"column":49},"end":{"line":17,"column":56}}],"line":17},"1":{"loc":{"start":{"line":29,"column":2},"end":{"line":29,"column":null}},"type":"if","locations":[{"start":{"line":29,"column":2},"end":{"line":29,"column":null}},{"start":{},"end":{}}],"line":29}},"s":{"0":8,"1":35,"2":1,"3":1,"4":35,"5":8,"6":8,"7":0,"8":8},"f":{"0":35,"1":1,"2":1,"3":8},"b":{"0":[1,0],"1":[0,8]},"meta":{"lastBranch":2,"lastFunction":4,"lastStatement":9,"seen":{"s:11:21:11:Infinity":0,"f:13:16:13:30":0,"s:14:28:14:Infinity":1,"f:16:11:16:31":1,"s:17:4:17:Infinity":2,"f:17:4:17:13":2,"s:17:21:17:56":3,"b:17:40:17:49:17:49:17:56":0,"s:20:2:23:Infinity":4,"f:27:16:27:45":3,"s:28:18:28:Infinity":5,"b:29:2:29:Infinity:undefined:undefined:undefined:undefined":1,"s:29:2:29:Infinity":6,"s:29:16:29:Infinity":7,"s:30:2:30:Infinity":8},"fnNames":{}}}
,"D:\\task1\\js\\js-training-hariprakash\\react\\session4\\src\\hooks\\useCounter.tsx": {"path":"D:\\task1\\js\\js-training-hariprakash\\react\\session4\\src\\hooks\\useCounter.tsx","statementMap":{"0":{"start":{"line":31,"column":4},"end":{"line":38,"column":null}},"1":{"start":{"line":41,"column":4},"end":{"line":53,"column":null}},"2":{"start":{"line":43,"column":8},"end":{"line":43,"column":null}},"3":{"start":{"line":46,"column":8},"end":{"line":46,"column":null}},"4":{"start":{"line":49,"column":8},"end":{"line":49,"column":null}},"5":{"start":{"line":52,"column":8},"end":{"line":52,"column":null}},"6":{"start":{"line":56,"column":28},"end":{"line":56,"column":null}},"7":{"start":{"line":59,"column":4},"end":{"line":59,"column":null}},"8":{"start":{"line":63,"column":4},"end":{"line":63,"column":null}},"9":{"start":{"line":67,"column":4},"end":{"line":67,"column":null}},"10":{"start":{"line":70,"column":2},"end":{"line":70,"column":null}}},"fnMap":{"0":{"name":"useCounter","decl":{"start":{"line":22,"column":9},"end":{"line":22,"column":null}},"loc":{"start":{"line":24,"column":20},"end":{"line":71,"column":null}},"line":24},"1":{"name":"reducer","decl":{"start":{"line":40,"column":11},"end":{"line":40,"column":19}},"loc":{"start":{"line":40,"column":65},"end":{"line":54,"column":null}},"line":40},"2":{"name":"increment","decl":{"start":{"line":58,"column":11},"end":{"line":58,"column":29}},"loc":{"start":{"line":58,"column":29},"end":{"line":60,"column":null}},"line":58},"3":{"name":"decrement","decl":{"start":{"line":62,"column":11},"end":{"line":62,"column":29}},"loc":{"start":{"line":62,"column":29},"end":{"line":64,"column":null}},"line":62},"4":{"name":"reset","decl":{"start":{"line":66,"column":11},"end":{"line":66,"column":25}},"loc":{"start":{"line":66,"column":25},"end":{"line":68,"column":null}},"line":66}},"branchMap":{"0":{"loc":{"start":{"line":23,"column":2},"end":{"line":23,"column":null}},"type":"default-arg","locations":[{"start":{"line":23,"column":49},"end":{"line":23,"column":null}}],"line":23},"1":{"loc":{"start":{"line":31,"column":4},"end":{"line":38,"column":null}},"type":"cond-expr","locations":[{"start":{"line":32,"column":8},"end":{"line":32,"column":null}},{"start":{"line":33,"column":8},"end":{"line":38,"column":null}}],"line":31},"2":{"loc":{"start":{"line":34,"column":19},"end":{"line":34,"column":null}},"type":"binary-expr","locations":[{"start":{"line":34,"column":19},"end":{"line":34,"column":47}},{"start":{"line":34,"column":47},"end":{"line":34,"column":null}}],"line":34},"3":{"loc":{"start":{"line":35,"column":15},"end":{"line":35,"column":null}},"type":"binary-expr","locations":[{"start":{"line":35,"column":15},"end":{"line":35,"column":39}},{"start":{"line":35,"column":39},"end":{"line":35,"column":null}}],"line":35},"4":{"loc":{"start":{"line":36,"column":15},"end":{"line":36,"column":null}},"type":"binary-expr","locations":[{"start":{"line":36,"column":15},"end":{"line":36,"column":39}},{"start":{"line":36,"column":39},"end":{"line":36,"column":null}}],"line":36},"5":{"loc":{"start":{"line":37,"column":16},"end":{"line":37,"column":null}},"type":"binary-expr","locations":[{"start":{"line":37,"column":16},"end":{"line":37,"column":41}},{"start":{"line":37,"column":41},"end":{"line":37,"column":null}}],"line":37},"6":{"loc":{"start":{"line":41,"column":4},"end":{"line":53,"column":null}},"type":"switch","locations":[{"start":{"line":42,"column":6},"end":{"line":43,"column":null}},{"start":{"line":45,"column":6},"end":{"line":46,"column":null}},{"start":{"line":48,"column":6},"end":{"line":49,"column":null}},{"start":{"line":51,"column":6},"end":{"line":52,"column":null}}],"line":41}},"s":{"0":10,"1":5,"2":3,"3":1,"4":1,"5":0,"6":10,"7":3,"8":1,"9":1,"10":10},"f":{"0":10,"1":5,"2":3,"3":1,"4":1},"b":{"0":[10],"1":[10,0],"2":[0,0],"3":[0,0],"4":[0,0],"5":[0,0],"6":[3,1,1,0]},"meta":{"lastBranch":7,"lastFunction":5,"lastStatement":11,"seen":{"f:22:9:22:Infinity":0,"b:23:49:23:Infinity":0,"s:31:4:38:Infinity":0,"b:32:8:32:Infinity:33:8:38:Infinity":1,"b:34:19:34:47:34:47:34:Infinity":2,"b:35:15:35:39:35:39:35:Infinity":3,"b:36:15:36:39:36:39:36:Infinity":4,"b:37:16:37:41:37:41:37:Infinity":5,"f:40:11:40:19":1,"b:42:6:43:Infinity:45:6:46:Infinity:48:6:49:Infinity:51:6:52:Infinity":6,"s:41:4:53:Infinity":1,"s:43:8:43:Infinity":2,"s:46:8:46:Infinity":3,"s:49:8:49:Infinity":4,"s:52:8:52:Infinity":5,"s:56:28:56:Infinity":6,"f:58:11:58:29":2,"s:59:4:59:Infinity":7,"f:62:11:62:29":3,"s:63:4:63:Infinity":8,"f:66:11:66:25":4,"s:67:4:67:Infinity":9,"s:70:2:70:Infinity":10},"fnNames":{}}}
,"D:\\task1\\js\\js-training-hariprakash\\react\\session4\\src\\hooks\\useInternForm.tsx": {"path":"D:\\task1\\js\\js-training-hariprakash\\react\\session4\\src\\hooks\\useInternForm.tsx","statementMap":{"0":{"start":{"line":18,"column":37},"end":{"line":20,"column":null}},"1":{"start":{"line":23,"column":28},"end":{"line":23,"column":null}},"2":{"start":{"line":24,"column":28},"end":{"line":24,"column":null}},"3":{"start":{"line":29,"column":34},"end":{"line":29,"column":null}},"4":{"start":{"line":31,"column":6},"end":{"line":35,"column":null}},"5":{"start":{"line":37,"column":4},"end":{"line":40,"column":null}},"6":{"start":{"line":37,"column":21},"end":{"line":40,"column":6}},"7":{"start":{"line":43,"column":4},"end":{"line":45,"column":null}},"8":{"start":{"line":44,"column":6},"end":{"line":44,"column":null}},"9":{"start":{"line":46,"column":4},"end":{"line":48,"column":null}},"10":{"start":{"line":47,"column":6},"end":{"line":47,"column":null}},"11":{"start":{"line":52,"column":4},"end":{"line":52,"column":null}},"12":{"start":{"line":53,"column":4},"end":{"line":53,"column":null}},"13":{"start":{"line":57,"column":4},"end":{"line":60,"column":null}},"14":{"start":{"line":58,"column":6},"end":{"line":58,"column":null}},"15":{"start":{"line":59,"column":6},"end":{"line":59,"column":null}},"16":{"start":{"line":62,"column":4},"end":{"line":65,"column":null}},"17":{"start":{"line":63,"column":6},"end":{"line":63,"column":null}},"18":{"start":{"line":64,"column":6},"end":{"line":64,"column":null}},"19":{"start":{"line":67,"column":4},"end":{"line":67,"column":null}},"20":{"start":{"line":68,"column":4},"end":{"line":68,"column":null}},"21":{"start":{"line":71,"column":2},"end":{"line":71,"column":null}}},"fnMap":{"0":{"name":"useInternForm","decl":{"start":{"line":22,"column":9},"end":{"line":22,"column":46}},"loc":{"start":{"line":22,"column":46},"end":{"line":72,"column":null}},"line":22},"1":{"name":"handleChange","decl":{"start":{"line":26,"column":11},"end":{"line":26,"column":null}},"loc":{"start":{"line":28,"column":10},"end":{"line":49,"column":null}},"line":28},"2":{"name":"(anonymous_2)","decl":{"start":{"line":37,"column":4},"end":{"line":37,"column":12}},"loc":{"start":{"line":37,"column":21},"end":{"line":40,"column":6}},"line":37},"3":{"name":"handleReset","decl":{"start":{"line":51,"column":11},"end":{"line":51,"column":31}},"loc":{"start":{"line":51,"column":31},"end":{"line":54,"column":null}},"line":51},"4":{"name":"isValid","decl":{"start":{"line":56,"column":11},"end":{"line":56,"column":30}},"loc":{"start":{"line":56,"column":30},"end":{"line":69,"column":null}},"line":56}},"branchMap":{"0":{"loc":{"start":{"line":31,"column":6},"end":{"line":35,"column":null}},"type":"cond-expr","locations":[{"start":{"line":32,"column":11},"end":{"line":32,"column":null}},{"start":{"line":33,"column":10},"end":{"line":35,"column":null}}],"line":31},"1":{"loc":{"start":{"line":33,"column":10},"end":{"line":35,"column":null}},"type":"cond-expr","locations":[{"start":{"line":34,"column":12},"end":{"line":34,"column":null}},{"start":{"line":35,"column":12},"end":{"line":35,"column":null}}],"line":33},"2":{"loc":{"start":{"line":43,"column":4},"end":{"line":45,"column":null}},"type":"if","locations":[{"start":{"line":43,"column":4},"end":{"line":45,"column":null}},{"start":{},"end":{}}],"line":43},"3":{"loc":{"start":{"line":43,"column":8},"end":{"line":43,"column":53}},"type":"binary-expr","locations":[{"start":{"line":43,"column":8},"end":{"line":43,"column":27}},{"start":{"line":43,"column":27},"end":{"line":43,"column":53}}],"line":43},"4":{"loc":{"start":{"line":46,"column":4},"end":{"line":48,"column":null}},"type":"if","locations":[{"start":{"line":46,"column":4},"end":{"line":48,"column":null}},{"start":{},"end":{}}],"line":46},"5":{"loc":{"start":{"line":46,"column":8},"end":{"line":46,"column":80}},"type":"binary-expr","locations":[{"start":{"line":46,"column":8},"end":{"line":46,"column":28}},{"start":{"line":46,"column":28},"end":{"line":46,"column":54}},{"start":{"line":46,"column":54},"end":{"line":46,"column":80}}],"line":46},"6":{"loc":{"start":{"line":57,"column":4},"end":{"line":60,"column":null}},"type":"if","locations":[{"start":{"line":57,"column":4},"end":{"line":60,"column":null}},{"start":{},"end":{}}],"line":57},"7":{"loc":{"start":{"line":62,"column":4},"end":{"line":65,"column":null}},"type":"if","locations":[{"start":{"line":62,"column":4},"end":{"line":65,"column":null}},{"start":{},"end":{}}],"line":62},"8":{"loc":{"start":{"line":62,"column":8},"end":{"line":62,"column":44}},"type":"binary-expr","locations":[{"start":{"line":62,"column":8},"end":{"line":62,"column":26}},{"start":{"line":62,"column":26},"end":{"line":62,"column":44}}],"line":62}},"s":{"0":3,"1":50,"2":50,"3":28,"4":28,"5":28,"6":28,"7":28,"8":19,"9":28,"10":8,"11":2,"12":2,"13":8,"14":3,"15":3,"16":5,"17":1,"18":1,"19":4,"20":4,"21":50},"f":{"0":50,"1":28,"2":28,"3":2,"4":8},"b":{"0":[0,28],"1":[9,19],"2":[19,9],"3":[28,19],"4":[8,20],"5":[28,9,9],"6":[3,5],"7":[1,4],"8":[5,5]},"meta":{"lastBranch":9,"lastFunction":5,"lastStatement":22,"seen":{"s:18:37:20:Infinity":0,"f:22:9:22:46":0,"s:23:28:23:Infinity":1,"s:24:28:24:Infinity":2,"f:26:11:26:Infinity":1,"s:29:34:29:Infinity":3,"s:31:6:35:Infinity":4,"b:32:11:32:Infinity:33:10:35:Infinity":0,"b:34:12:34:Infinity:35:12:35:Infinity":1,"s:37:4:40:Infinity":5,"f:37:4:37:12":2,"s:37:21:40:6":6,"b:43:4:45:Infinity:undefined:undefined:undefined:undefined":2,"s:43:4:45:Infinity":7,"b:43:8:43:27:43:27:43:53":3,"s:44:6:44:Infinity":8,"b:46:4:48:Infinity:undefined:undefined:undefined:undefined":4,"s:46:4:48:Infinity":9,"b:46:8:46:28:46:28:46:54:46:54:46:80":5,"s:47:6:47:Infinity":10,"f:51:11:51:31":3,"s:52:4:52:Infinity":11,"s:53:4:53:Infinity":12,"f:56:11:56:30":4,"b:57:4:60:Infinity:undefined:undefined:undefined:undefined":6,"s:57:4:60:Infinity":13,"s:58:6:58:Infinity":14,"s:59:6:59:Infinity":15,"b:62:4:65:Infinity:undefined:undefined:undefined:undefined":7,"s:62:4:65:Infinity":16,"b:62:8:62:26:62:26:62:44":8,"s:63:6:63:Infinity":17,"s:64:6:64:Infinity":18,"s:67:4:67:Infinity":19,"s:68:4:68:Infinity":20,"s:71:2:71:Infinity":21},"fnNames":{}}}
,"D:\\task1\\js\\js-training-hariprakash\\react\\session4\\src\\test\\test-utils.tsx": {"path":"D:\\task1\\js\\js-training-hariprakash\\react\\session4\\src\\test\\test-utils.tsx","statementMap":{"0":{"start":{"line":9,"column":2},"end":{"line":9,"column":null}},"1":{"start":{"line":13,"column":2},"end":{"line":13,"column":null}}},"fnMap":{"0":{"name":"AllProviders","decl":{"start":{"line":8,"column":9},"end":{"line":8,"column":22}},"loc":{"start":{"line":8,"column":61},"end":{"line":10,"column":null}},"line":8},"1":{"name":"customRender","decl":{"start":{"line":12,"column":9},"end":{"line":12,"column":22}},"loc":{"start":{"line":12,"column":71},"end":{"line":14,"column":null}},"line":12}},"branchMap":{},"s":{"0":33,"1":33},"f":{"0":33,"1":33},"b":{},"meta":{"lastBranch":0,"lastFunction":2,"lastStatement":2,"seen":{"f:8:9:8:22":0,"s:9:2:9:Infinity":0,"f:12:9:12:22":1,"s:13:2:13:Infinity":1},"fnNames":{}}}
}
