{"D:\\task1\\js\\js-training-hariprakash\\react\\session4\\src\\components\\AddInternForm.tsx": {"path":"D:\\task1\\js\\js-training-hariprakash\\react\\session4\\src\\components\\AddInternForm.tsx","statementMap":{"0":{"start":{"line":17,"column":24},"end":{"line":17,"column":35}},"1":{"start":{"line":26,"column":6},"end":{"line":26,"column":null}},"2":{"start":{"line":29,"column":4},"end":{"line":29,"column":null}},"3":{"start":{"line":31,"column":20},"end":{"line":31,"column":null}},"4":{"start":{"line":33,"column":4},"end":{"line":36,"column":null}},"5":{"start":{"line":39,"column":2},"end":{"line":101,"column":null}}},"fnMap":{"0":{"name":"AddInternForm","decl":{"start":{"line":15,"column":9},"end":{"line":15,"column":23}},"loc":{"start":{"line":15,"column":50},"end":{"line":103,"column":null}},"line":15},"1":{"name":"onSubmit","decl":{"start":{"line":28,"column":11},"end":{"line":28,"column":20}},"loc":{"start":{"line":28,"column":47},"end":{"line":37,"column":null}},"line":28}},"branchMap":{"0":{"loc":{"start":{"line":33,"column":4},"end":{"line":36,"column":null}},"type":"if","locations":[{"start":{"line":33,"column":4},"end":{"line":36,"column":null}},{"start":{},"end":{}}],"line":33},"1":{"loc":{"start":{"line":45,"column":7},"end":{"line":45,"column":null}},"type":"binary-expr","locations":[{"start":{"line":45,"column":7},"end":{"line":45,"column":16}},{"start":{"line":45,"column":16},"end":{"line":45,"column":null}}],"line":45}},"s":{"0":34,"1":34,"2":4,"3":4,"4":4,"5":34},"f":{"0":34,"1":4},"b":{"0":[1,3],"1":[34,3]},"meta":{"lastBranch":2,"lastFunction":2,"lastStatement":6,"seen":{"f:15:9:15:23":0,"s:17:24:17:35":0,"s:26:6:26:Infinity":1,"f:28:11:28:20":1,"s:29:4:29:Infinity":2,"s:31:20:31:Infinity":3,"b:33:4:36:Infinity:undefined:undefined:undefined:undefined":0,"s:33:4:36:Infinity":4,"s:39:2:101:Infinity":5,"b:45:7:45:16:45:16:45:Infinity":1},"fnNames":{}}}
,"D:\\task1\\js\\js-training-hariprakash\\react\\session4\\src\\components\\InternCard.tsx": {"path":"D:\\task1\\js\\js-training-hariprakash\\react\\session4\\src\\components\\InternCard.tsx","statementMap":{"0":{"start":{"line":12,"column":2},"end":{"line":26,"column":null}}},"fnMap":{"0":{"name":"InternCard","decl":{"start":{"line":7,"column":9},"end":{"line":7,"column":20}},"loc":{"start":{"line":11,"column":20},"end":{"line":28,"column":null}},"line":11}},"branchMap":{"0":{"loc":{"start":{"line":25,"column":10},"end":{"line":25,"column":46}},"type":"cond-expr","locations":[{"start":{"line":25,"column":22},"end":{"line":25,"column":34}},{"start":{"line":25,"column":34},"end":{"line":25,"column":46}}],"line":25}},"s":{"0":21},"f":{"0":21},"b":{"0":[17,4]},"meta":{"lastBranch":1,"lastFunction":1,"lastStatement":1,"seen":{"f:7:9:7:20":0,"s:12:2:26:Infinity":0,"b:25:22:25:34:25:34:25:46":0},"fnNames":{}}}
,"D:\\task1\\js\\js-training-hariprakash\\react\\session4\\src\\components\\InternList.tsx": {"path":"D:\\task1\\js\\js-training-hariprakash\\react\\session4\\src\\components\\InternList.tsx","statementMap":{"0":{"start":{"line":19,"column":37},"end":{"line":22,"column":null}},"1":{"start":{"line":24,"column":19},"end":{"line":44,"column":null}},"2":{"start":{"line":28,"column":15},"end":{"line":28,"column":null}},"3":{"start":{"line":30,"column":2},"end":{"line":42,"column":null}},"4":{"start":{"line":33,"column":8},"end":{"line":40,"column":null}}},"fnMap":{"0":{"name":"InternList","decl":{"start":{"line":24,"column":33},"end":{"line":24,"column":44}},"loc":{"start":{"line":27,"column":34},"end":{"line":44,"column":1}},"line":27},"1":{"name":"(anonymous_1)","decl":{"start":{"line":32,"column":12},"end":{"line":32,"column":17}},"loc":{"start":{"line":33,"column":8},"end":{"line":40,"column":null}},"line":33}},"branchMap":{"0":{"loc":{"start":{"line":28,"column":15},"end":{"line":28,"column":null}},"type":"binary-expr","locations":[{"start":{"line":28,"column":15},"end":{"line":28,"column":26}},{"start":{"line":28,"column":26},"end":{"line":28,"column":null}}],"line":28}},"s":{"0":2,"1":2,"2":3,"3":3,"4":7},"f":{"0":3,"1":7},"b":{"0":[3,1]},"meta":{"lastBranch":1,"lastFunction":2,"lastStatement":5,"seen":{"s:19:37:22:Infinity":0,"s:24:19:44:Infinity":1,"f:24:33:24:44":0,"s:28:15:28:Infinity":2,"b:28:15:28:26:28:26:28:Infinity":0,"s:30:2:42:Infinity":3,"f:32:12:32:17":1,"s:33:8:40:Infinity":4},"fnNames":{}}}
,"D:\\task1\\js\\js-training-hariprakash\\react\\session4\\src\\components\\InternRow.tsx": {"path":"D:\\task1\\js\\js-training-hariprakash\\react\\session4\\src\\components\\InternRow.tsx","statementMap":{"0":{"start":{"line":16,"column":20},"end":{"line":16,"column":29}},"1":{"start":{"line":18,"column":2},"end":{"line":38,"column":null}},"2":{"start":{"line":34,"column":23},"end":{"line":34,"column":null}}},"fnMap":{"0":{"name":"InternRow","decl":{"start":{"line":10,"column":9},"end":{"line":10,"column":19}},"loc":{"start":{"line":15,"column":19},"end":{"line":40,"column":null}},"line":15},"1":{"name":"(anonymous_1)","decl":{"start":{"line":34,"column":8},"end":{"line":34,"column":23}},"loc":{"start":{"line":34,"column":23},"end":{"line":34,"column":null}},"line":34}},"branchMap":{"0":{"loc":{"start":{"line":21,"column":20},"end":{"line":21,"column":null}},"type":"cond-expr","locations":[{"start":{"line":21,"column":40},"end":{"line":21,"column":49}},{"start":{"line":21,"column":49},"end":{"line":21,"column":null}}],"line":21},"1":{"loc":{"start":{"line":22,"column":15},"end":{"line":22,"column":null}},"type":"cond-expr","locations":[{"start":{"line":22,"column":35},"end":{"line":22,"column":44}},{"start":{"line":22,"column":44},"end":{"line":22,"column":null}}],"line":22}},"s":{"0":3,"1":3,"2":1},"f":{"0":3,"1":1},"b":{"0":[3,0],"1":[3,0]},"meta":{"lastBranch":2,"lastFunction":2,"lastStatement":3,"seen":{"f:10:9:10:19":0,"s:16:20:16:29":0,"s:18:2:38:Infinity":1,"b:21:40:21:49:21:49:21:Infinity":0,"b:22:35:22:44:22:44:22:Infinity":1,"f:34:8:34:23":1,"s:34:23:34:Infinity":2},"fnNames":{}}}
,"D:\\task1\\js\\js-training-hariprakash\\react\\session4\\src\\components\\Navbar.tsx": {"path":"D:\\task1\\js\\js-training-hariprakash\\react\\session4\\src\\components\\Navbar.tsx","statementMap":{"0":{"start":{"line":4,"column":33},"end":{"line":4,"column":42}},"1":{"start":{"line":6,"column":2},"end":{"line":18,"column":null}}},"fnMap":{"0":{"name":"Navbar","decl":{"start":{"line":3,"column":9},"end":{"line":3,"column":18}},"loc":{"start":{"line":3,"column":18},"end":{"line":20,"column":null}},"line":3}},"branchMap":{"0":{"loc":{"start":{"line":8,"column":18},"end":{"line":8,"column":null}},"type":"cond-expr","locations":[{"start":{"line":8,"column":38},"end":{"line":8,"column":50}},{"start":{"line":8,"column":50},"end":{"line":8,"column":null}}],"line":8},"1":{"loc":{"start":{"line":9,"column":18},"end":{"line":9,"column":null}},"type":"cond-expr","locations":[{"start":{"line":9,"column":38},"end":{"line":9,"column":50}},{"start":{"line":9,"column":50},"end":{"line":9,"column":null}}],"line":9},"2":{"loc":{"start":{"line":16,"column":19},"end":{"line":16,"column":56}},"type":"cond-expr","locations":[{"start":{"line":16,"column":39},"end":{"line":16,"column":48}},{"start":{"line":16,"column":48},"end":{"line":16,"column":56}}],"line":16}},"s":{"0":5,"1":5},"f":{"0":5},"b":{"0":[4,1],"1":[4,1],"2":[4,1]},"meta":{"lastBranch":3,"lastFunction":1,"lastStatement":2,"seen":{"f:3:9:3:18":0,"s:4:33:4:42":0,"s:6:2:18:Infinity":1,"b:8:38:8:50:8:50:8:Infinity":0,"b:9:38:9:50:9:50:9:Infinity":1,"b:16:39:16:48:16:48:16:56":2},"fnNames":{}}}
,"D:\\task1\\js\\js-training-hariprakash\\react\\session4\\src\\components\\ScoreStats.tsx": {"path":"D:\\task1\\js\\js-training-hariprakash\\react\\session4\\src\\components\\ScoreStats.tsx","statementMap":{"0":{"start":{"line":5,"column":33},"end":{"line":5,"column":44}},"1":{"start":{"line":7,"column":16},"end":{"line":16,"column":null}},"2":{"start":{"line":8,"column":19},"end":{"line":8,"column":null}},"3":{"start":{"line":8,"column":36},"end":{"line":8,"column":43}},"4":{"start":{"line":9,"column":4},"end":{"line":15,"column":null}},"5":{"start":{"line":13,"column":63},"end":{"line":13,"column":70}},"6":{"start":{"line":14,"column":35},"end":{"line":14,"column":48}},"7":{"start":{"line":18,"column":2},"end":{"line":20,"column":null}},"8":{"start":{"line":19,"column":4},"end":{"line":19,"column":null}},"9":{"start":{"line":22,"column":2},"end":{"line":33,"column":null}},"10":{"start":{"line":30,"column":10},"end":{"line":30,"column":null}}},"fnMap":{"0":{"name":"ScoreStats","decl":{"start":{"line":4,"column":9},"end":{"line":4,"column":22}},"loc":{"start":{"line":4,"column":22},"end":{"line":35,"column":null}},"line":4},"1":{"name":"(anonymous_1)","decl":{"start":{"line":7,"column":16},"end":{"line":7,"column":30}},"loc":{"start":{"line":7,"column":30},"end":{"line":16,"column":5}},"line":7},"2":{"name":"(anonymous_2)","decl":{"start":{"line":8,"column":27},"end":{"line":8,"column":31}},"loc":{"start":{"line":8,"column":36},"end":{"line":8,"column":43}},"line":8},"3":{"name":"(anonymous_3)","decl":{"start":{"line":13,"column":46},"end":{"line":13,"column":54}},"loc":{"start":{"line":13,"column":63},"end":{"line":13,"column":70}},"line":13},"4":{"name":"(anonymous_4)","decl":{"start":{"line":14,"column":23},"end":{"line":14,"column":30}},"loc":{"start":{"line":14,"column":35},"end":{"line":14,"column":48}},"line":14},"5":{"name":"(anonymous_5)","decl":{"start":{"line":29,"column":17},"end":{"line":29,"column":21}},"loc":{"start":{"line":30,"column":10},"end":{"line":30,"column":null}},"line":30}},"branchMap":{"0":{"loc":{"start":{"line":10,"column":15},"end":{"line":10,"column":null}},"type":"cond-expr","locations":[{"start":{"line":10,"column":35},"end":{"line":10,"column":57}},{"start":{"line":10,"column":57},"end":{"line":10,"column":null}}],"line":10},"1":{"loc":{"start":{"line":11,"column":14},"end":{"line":11,"column":null}},"type":"cond-expr","locations":[{"start":{"line":11,"column":34},"end":{"line":11,"column":56}},{"start":{"line":11,"column":56},"end":{"line":11,"column":null}}],"line":11},"2":{"loc":{"start":{"line":13,"column":8},"end":{"line":13,"column":null}},"type":"cond-expr","locations":[{"start":{"line":13,"column":28},"end":{"line":13,"column":92}},{"start":{"line":13,"column":92},"end":{"line":13,"column":null}}],"line":13},"3":{"loc":{"start":{"line":18,"column":2},"end":{"line":20,"column":null}},"type":"if","locations":[{"start":{"line":18,"column":2},"end":{"line":20,"column":null}},{"start":{},"end":{}}],"line":18}},"s":{"0":5,"1":5,"2":5,"3":8,"4":5,"5":8,"6":8,"7":5,"8":3,"9":2,"10":8},"f":{"0":5,"1":5,"2":8,"3":8,"4":8,"5":8},"b":{"0":[2,3],"1":[2,3],"2":[2,3],"3":[3,2]},"meta":{"lastBranch":4,"lastFunction":6,"lastStatement":11,"seen":{"f:4:9:4:22":0,"s:5:33:5:44":0,"s:7:16:16:Infinity":1,"f:7:16:7:30":1,"s:8:19:8:Infinity":2,"f:8:27:8:31":2,"s:8:36:8:43":3,"s:9:4:15:Infinity":4,"b:10:35:10:57:10:57:10:Infinity":0,"b:11:34:11:56:11:56:11:Infinity":1,"b:13:28:13:92:13:92:13:Infinity":2,"f:13:46:13:54":3,"s:13:63:13:70":5,"f:14:23:14:30":4,"s:14:35:14:48":6,"b:18:2:20:Infinity:undefined:undefined:undefined:undefined":3,"s:18:2:20:Infinity":7,"s:19:4:19:Infinity":8,"s:22:2:33:Infinity":9,"f:29:17:29:21":5,"s:30:10:30:Infinity":10},"fnNames":{}}}
,"D:\\task1\\js\\js-training-hariprakash\\react\\session4\\src\\components\\SummaryBar.tsx": {"path":"D:\\task1\\js\\js-training-hariprakash\\react\\session4\\src\\components\\SummaryBar.tsx","statementMap":{"0":{"start":{"line":21,"column":2},"end":{"line":32,"column":null}},"1":{"start":{"line":37,"column":33},"end":{"line":37,"column":44}},"2":{"start":{"line":39,"column":2},"end":{"line":41,"column":null}},"3":{"start":{"line":40,"column":4},"end":{"line":40,"column":null}},"4":{"start":{"line":43,"column":16},"end":{"line":43,"column":null}},"5":{"start":{"line":45,"column":23},"end":{"line":47,"column":null}},"6":{"start":{"line":46,"column":14},"end":{"line":46,"column":null}},"7":{"start":{"line":49,"column":23},"end":{"line":54,"column":null}},"8":{"start":{"line":51,"column":40},"end":{"line":51,"column":60}},"9":{"start":{"line":56,"column":2},"end":{"line":61,"column":null}}},"fnMap":{"0":{"name":"SummaryBar","decl":{"start":{"line":12,"column":16},"end":{"line":12,"column":27}},"loc":{"start":{"line":20,"column":3},"end":{"line":34,"column":null}},"line":20},"1":{"name":"SummaryBarContainer","decl":{"start":{"line":36,"column":16},"end":{"line":36,"column":38}},"loc":{"start":{"line":36,"column":38},"end":{"line":63,"column":null}},"line":36},"2":{"name":"(anonymous_2)","decl":{"start":{"line":45,"column":31},"end":{"line":45,"column":null}},"loc":{"start":{"line":46,"column":14},"end":{"line":46,"column":null}},"line":46},"3":{"name":"(anonymous_3)","decl":{"start":{"line":51,"column":16},"end":{"line":51,"column":24}},"loc":{"start":{"line":51,"column":40},"end":{"line":51,"column":60}},"line":51}},"branchMap":{"0":{"loc":{"start":{"line":39,"column":2},"end":{"line":41,"column":null}},"type":"if","locations":[{"start":{"line":39,"column":2},"end":{"line":41,"column":null}},{"start":{},"end":{}}],"line":39},"1":{"loc":{"start":{"line":49,"column":23},"end":{"line":54,"column":null}},"type":"cond-expr","locations":[{"start":{"line":50,"column":6},"end":{"line":53,"column":null}},{"start":{"line":54,"column":6},"end":{"line":54,"column":null}}],"line":49}},"s":{"0":8,"1":3,"2":3,"3":0,"4":3,"5":3,"6":9,"7":3,"8":9,"9":3},"f":{"0":8,"1":3,"2":9,"3":9},"b":{"0":[0,3],"1":[3,0]},"meta":{"lastBranch":2,"lastFunction":4,"lastStatement":10,"seen":{"f:12:16:12:27":0,"s:21:2:32:Infinity":0,"f:36:16:36:38":1,"s:37:33:37:44":1,"b:39:2:41:Infinity:undefined:undefined:undefined:undefined":0,"s:39:2:41:Infinity":2,"s:40:4:40:Infinity":3,"s:43:16:43:Infinity":4,"s:45:23:47:Infinity":5,"f:45:31:45:Infinity":2,"s:46:14:46:Infinity":6,"s:49:23:54:Infinity":7,"b:50:6:53:Infinity:54:6:54:Infinity":1,"f:51:16:51:24":3,"s:51:40:51:60":8,"s:56:2:61:Infinity":9},"fnNames":{}}}
,"D:\\task1\\js\\js-training-hariprakash\\react\\session4\\src\\contexts\\intern-context.tsx": {"path":"D:\\task1\\js\\js-training-hariprakash\\react\\session4\\src\\contexts\\intern-context.tsx","statementMap":{"0":{"start":{"line":40,"column":22},"end":{"line":40,"column":null}},"1":{"start":{"line":43,"column":36},"end":{"line":43,"column":null}},"2":{"start":{"line":44,"column":36},"end":{"line":44,"column":null}},"3":{"start":{"line":46,"column":35},"end":{"line":51,"column":null}},"4":{"start":{"line":53,"column":2},"end":{"line":63,"column":null}},"5":{"start":{"line":54,"column":18},"end":{"line":61,"column":null}},"6":{"start":{"line":55,"column":6},"end":{"line":59,"column":null}},"7":{"start":{"line":56,"column":30},"end":{"line":56,"column":null}},"8":{"start":{"line":56,"column":52},"end":{"line":56,"column":58}},"9":{"start":{"line":57,"column":24},"end":{"line":57,"column":null}},"10":{"start":{"line":57,"column":51},"end":{"line":57,"column":77}},"11":{"start":{"line":58,"column":8},"end":{"line":58,"column":null}},"12":{"start":{"line":60,"column":6},"end":{"line":60,"column":null}},"13":{"start":{"line":62,"column":4},"end":{"line":62,"column":null}},"14":{"start":{"line":62,"column":17},"end":{"line":62,"column":null}},"15":{"start":{"line":66,"column":30},"end":{"line":69,"column":null}},"16":{"start":{"line":70,"column":8},"end":{"line":70,"column":null}},"17":{"start":{"line":70,"column":27},"end":{"line":70,"column":47}},"18":{"start":{"line":75,"column":4},"end":{"line":75,"column":null}},"19":{"start":{"line":75,"column":23},"end":{"line":75,"column":52}},"20":{"start":{"line":75,"column":40},"end":{"line":75,"column":51}},"21":{"start":{"line":78,"column":2},"end":{"line":81,"column":null}},"22":{"start":{"line":86,"column":18},"end":{"line":86,"column":null}},"23":{"start":{"line":87,"column":2},"end":{"line":87,"column":null}},"24":{"start":{"line":87,"column":16},"end":{"line":87,"column":null}},"25":{"start":{"line":88,"column":2},"end":{"line":88,"column":null}}},"fnMap":{"0":{"name":"InternProvider","decl":{"start":{"line":42,"column":16},"end":{"line":42,"column":31}},"loc":{"start":{"line":42,"column":87},"end":{"line":83,"column":null}},"line":42},"1":{"name":"(anonymous_1)","decl":{"start":{"line":53,"column":2},"end":{"line":53,"column":18}},"loc":{"start":{"line":53,"column":18},"end":{"line":63,"column":5}},"line":53},"2":{"name":"(anonymous_2)","decl":{"start":{"line":54,"column":18},"end":{"line":54,"column":35}},"loc":{"start":{"line":54,"column":35},"end":{"line":61,"column":7}},"line":54},"3":{"name":"(anonymous_3)","decl":{"start":{"line":55,"column":6},"end":{"line":55,"column":17}},"loc":{"start":{"line":55,"column":25},"end":{"line":59,"column":7}},"line":55},"4":{"name":"(anonymous_4)","decl":{"start":{"line":56,"column":43},"end":{"line":56,"column":47}},"loc":{"start":{"line":56,"column":52},"end":{"line":56,"column":58}},"line":56},"5":{"name":"(anonymous_5)","decl":{"start":{"line":57,"column":39},"end":{"line":57,"column":46}},"loc":{"start":{"line":57,"column":51},"end":{"line":57,"column":77}},"line":57},"6":{"name":"(anonymous_6)","decl":{"start":{"line":62,"column":4},"end":{"line":62,"column":17}},"loc":{"start":{"line":62,"column":17},"end":{"line":62,"column":null}},"line":62},"7":{"name":"addIntern","decl":{"start":{"line":65,"column":11},"end":{"line":65,"column":21}},"loc":{"start":{"line":65,"column":46},"end":{"line":71,"column":null}},"line":65},"8":{"name":"(anonymous_8)","decl":{"start":{"line":70,"column":8},"end":{"line":70,"column":19}},"loc":{"start":{"line":70,"column":27},"end":{"line":70,"column":47}},"line":70},"9":{"name":"removeIntern","decl":{"start":{"line":74,"column":11},"end":{"line":74,"column":24}},"loc":{"start":{"line":74,"column":42},"end":{"line":76,"column":null}},"line":74},"10":{"name":"(anonymous_10)","decl":{"start":{"line":75,"column":4},"end":{"line":75,"column":15}},"loc":{"start":{"line":75,"column":23},"end":{"line":75,"column":52}},"line":75},"11":{"name":"(anonymous_11)","decl":{"start":{"line":75,"column":28},"end":{"line":75,"column":35}},"loc":{"start":{"line":75,"column":40},"end":{"line":75,"column":51}},"line":75},"12":{"name":"useInterns","decl":{"start":{"line":85,"column":16},"end":{"line":85,"column":48}},"loc":{"start":{"line":85,"column":48},"end":{"line":89,"column":null}},"line":85}},"branchMap":{"0":{"loc":{"start":{"line":42,"column":41},"end":{"line":42,"column":87}},"type":"default-arg","locations":[{"start":{"line":42,"column":54},"end":{"line":42,"column":87}}],"line":42},"1":{"loc":{"start":{"line":58,"column":15},"end":{"line":58,"column":null}},"type":"cond-expr","locations":[{"start":{"line":58,"column":36},"end":{"line":58,"column":60}},{"start":{"line":58,"column":60},"end":{"line":58,"column":null}}],"line":58},"2":{"loc":{"start":{"line":87,"column":2},"end":{"line":87,"column":null}},"type":"if","locations":[{"start":{"line":87,"column":2},"end":{"line":87,"column":null}},{"start":{},"end":{}}],"line":87}},"s":{"0":11,"1":38,"2":38,"3":38,"4":38,"5":34,"6":2,"7":2,"8":0,"9":2,"10":8,"11":2,"12":2,"13":34,"14":34,"15":2,"16":2,"17":2,"18":0,"19":0,"20":0,"21":38,"22":43,"23":43,"24":2,"25":41},"f":{"0":38,"1":34,"2":2,"3":2,"4":0,"5":8,"6":34,"7":2,"8":2,"9":0,"10":0,"11":0,"12":43},"b":{"0":[38],"1":[2,0],"2":[2,41]},"meta":{"lastBranch":3,"lastFunction":13,"lastStatement":26,"seen":{"s:40:22:40:Infinity":0,"f:42:16:42:31":0,"b:42:54:42:87":0,"s:43:36:43:Infinity":1,"s:44:36:44:Infinity":2,"s:46:35:51:Infinity":3,"s:53:2:63:Infinity":4,"f:53:2:53:18":1,"s:54:18:61:Infinity":5,"f:54:18:54:35":2,"s:55:6:59:Infinity":6,"f:55:6:55:17":3,"s:56:30:56:Infinity":7,"f:56:43:56:47":4,"s:56:52:56:58":8,"s:57:24:57:Infinity":9,"f:57:39:57:46":5,"s:57:51:57:77":10,"s:58:8:58:Infinity":11,"b:58:36:58:60:58:60:58:Infinity":1,"s:60:6:60:Infinity":12,"s:62:4:62:Infinity":13,"f:62:4:62:17":6,"s:62:17:62:Infinity":14,"f:65:11:65:21":7,"s:66:30:69:Infinity":15,"s:70:8:70:Infinity":16,"f:70:8:70:19":8,"s:70:27:70:47":17,"f:74:11:74:24":9,"s:75:4:75:Infinity":18,"f:75:4:75:15":10,"s:75:23:75:52":19,"f:75:28:75:35":11,"s:75:40:75:51":20,"s:78:2:81:Infinity":21,"f:85:16:85:48":12,"s:86:18:86:Infinity":22,"b:87:2:87:Infinity:undefined:undefined:undefined:undefined":2,"s:87:2:87:Infinity":23,"s:87:16:87:Infinity":24,"s:88:2:88:Infinity":25},"fnNames":{}}}
,"D:\\task1\\js\\js-training-hariprakash\\react\\session4\\src\\contexts\\theme-context.tsx": {"path":"D:\\task1\\js\\js-training-hariprakash\\react\\session4\\src\\contexts\\theme-context.tsx","statementMap":{"0":{"start":{"line":11,"column":21},"end":{"line":11,"column":null}},"1":{"start":{"line":14,"column":28},"end":{"line":14,"column":null}},"2":{"start":{"line":16,"column":2},"end":{"line":22,"column":null}},"3":{"start":{"line":17,"column":4},"end":{"line":21,"column":null}},"4":{"start":{"line":18,"column":6},"end":{"line":18,"column":null}},"5":{"start":{"line":20,"column":6},"end":{"line":20,"column":null}},"6":{"start":{"line":25,"column":4},"end":{"line":25,"column":null}},"7":{"start":{"line":25,"column":21},"end":{"line":25,"column":56}},"8":{"start":{"line":28,"column":2},"end":{"line":31,"column":null}},"9":{"start":{"line":36,"column":18},"end":{"line":36,"column":null}},"10":{"start":{"line":37,"column":2},"end":{"line":37,"column":null}},"11":{"start":{"line":37,"column":16},"end":{"line":37,"column":null}},"12":{"start":{"line":38,"column":2},"end":{"line":38,"column":null}}},"fnMap":{"0":{"name":"ThemeProvider","decl":{"start":{"line":13,"column":16},"end":{"line":13,"column":30}},"loc":{"start":{"line":13,"column":69},"end":{"line":33,"column":null}},"line":13},"1":{"name":"(anonymous_1)","decl":{"start":{"line":16,"column":2},"end":{"line":16,"column":18}},"loc":{"start":{"line":16,"column":18},"end":{"line":22,"column":5}},"line":16},"2":{"name":"toggleTheme","decl":{"start":{"line":24,"column":11},"end":{"line":24,"column":31}},"loc":{"start":{"line":24,"column":31},"end":{"line":26,"column":null}},"line":24},"3":{"name":"(anonymous_3)","decl":{"start":{"line":25,"column":4},"end":{"line":25,"column":13}},"loc":{"start":{"line":25,"column":21},"end":{"line":25,"column":56}},"line":25},"4":{"name":"useTheme","decl":{"start":{"line":35,"column":16},"end":{"line":35,"column":45}},"loc":{"start":{"line":35,"column":45},"end":{"line":39,"column":null}},"line":35}},"branchMap":{"0":{"loc":{"start":{"line":17,"column":4},"end":{"line":21,"column":null}},"type":"if","locations":[{"start":{"line":17,"column":4},"end":{"line":21,"column":null}},{"start":{"line":19,"column":11},"end":{"line":21,"column":null}}],"line":17},"1":{"loc":{"start":{"line":25,"column":21},"end":{"line":25,"column":56}},"type":"cond-expr","locations":[{"start":{"line":25,"column":40},"end":{"line":25,"column":49}},{"start":{"line":25,"column":49},"end":{"line":25,"column":56}}],"line":25},"2":{"loc":{"start":{"line":37,"column":2},"end":{"line":37,"column":null}},"type":"if","locations":[{"start":{"line":37,"column":2},"end":{"line":37,"column":null}},{"start":{},"end":{}}],"line":37}},"s":{"0":8,"1":35,"2":35,"3":35,"4":1,"5":34,"6":1,"7":1,"8":35,"9":8,"10":8,"11":0,"12":8},"f":{"0":35,"1":35,"2":1,"3":1,"4":8},"b":{"0":[1,34],"1":[1,0],"2":[0,8]},"meta":{"lastBranch":3,"lastFunction":5,"lastStatement":13,"seen":{"s:11:21:11:Infinity":0,"f:13:16:13:30":0,"s:14:28:14:Infinity":1,"s:16:2:22:Infinity":2,"f:16:2:16:18":1,"b:17:4:21:Infinity:19:11:21:Infinity":0,"s:17:4:21:Infinity":3,"s:18:6:18:Infinity":4,"s:20:6:20:Infinity":5,"f:24:11:24:31":2,"s:25:4:25:Infinity":6,"f:25:4:25:13":3,"s:25:21:25:56":7,"b:25:40:25:49:25:49:25:56":1,"s:28:2:31:Infinity":8,"f:35:16:35:45":4,"s:36:18:36:Infinity":9,"b:37:2:37:Infinity:undefined:undefined:undefined:undefined":2,"s:37:2:37:Infinity":10,"s:37:16:37:Infinity":11,"s:38:2:38:Infinity":12},"fnNames":{}}}
,"D:\\task1\\js\\js-training-hariprakash\\react\\session4\\src\\hooks\\useCounter.tsx": {"path":"D:\\task1\\js\\js-training-hariprakash\\react\\session4\\src\\hooks\\useCounter.tsx","statementMap":{"0":{"start":{"line":31,"column":4},"end":{"line":38,"column":null}},"1":{"start":{"line":41,"column":4},"end":{"line":53,"column":null}},"2":{"start":{"line":43,"column":8},"end":{"line":43,"column":null}},"3":{"start":{"line":46,"column":8},"end":{"line":46,"column":null}},"4":{"start":{"line":49,"column":8},"end":{"line":49,"column":null}},"5":{"start":{"line":52,"column":8},"end":{"line":52,"column":null}},"6":{"start":{"line":56,"column":28},"end":{"line":56,"column":null}},"7":{"start":{"line":59,"column":4},"end":{"line":59,"column":null}},"8":{"start":{"line":63,"column":4},"end":{"line":63,"column":null}},"9":{"start":{"line":67,"column":4},"end":{"line":67,"column":null}},"10":{"start":{"line":70,"column":2},"end":{"line":70,"column":null}}},"fnMap":{"0":{"name":"useCounter","decl":{"start":{"line":22,"column":9},"end":{"line":22,"column":null}},"loc":{"start":{"line":24,"column":20},"end":{"line":71,"column":null}},"line":24},"1":{"name":"reducer","decl":{"start":{"line":40,"column":11},"end":{"line":40,"column":19}},"loc":{"start":{"line":40,"column":65},"end":{"line":54,"column":null}},"line":40},"2":{"name":"increment","decl":{"start":{"line":58,"column":11},"end":{"line":58,"column":29}},"loc":{"start":{"line":58,"column":29},"end":{"line":60,"column":null}},"line":58},"3":{"name":"decrement","decl":{"start":{"line":62,"column":11},"end":{"line":62,"column":29}},"loc":{"start":{"line":62,"column":29},"end":{"line":64,"column":null}},"line":62},"4":{"name":"reset","decl":{"start":{"line":66,"column":11},"end":{"line":66,"column":25}},"loc":{"start":{"line":66,"column":25},"end":{"line":68,"column":null}},"line":66}},"branchMap":{"0":{"loc":{"start":{"line":23,"column":2},"end":{"line":23,"column":null}},"type":"default-arg","locations":[{"start":{"line":23,"column":49},"end":{"line":23,"column":null}}],"line":23},"1":{"loc":{"start":{"line":31,"column":4},"end":{"line":38,"column":null}},"type":"cond-expr","locations":[{"start":{"line":32,"column":8},"end":{"line":32,"column":null}},{"start":{"line":33,"column":8},"end":{"line":38,"column":null}}],"line":31},"2":{"loc":{"start":{"line":34,"column":19},"end":{"line":34,"column":null}},"type":"binary-expr","locations":[{"start":{"line":34,"column":19},"end":{"line":34,"column":47}},{"start":{"line":34,"column":47},"end":{"line":34,"column":null}}],"line":34},"3":{"loc":{"start":{"line":35,"column":15},"end":{"line":35,"column":null}},"type":"binary-expr","locations":[{"start":{"line":35,"column":15},"end":{"line":35,"column":39}},{"start":{"line":35,"column":39},"end":{"line":35,"column":null}}],"line":35},"4":{"loc":{"start":{"line":36,"column":15},"end":{"line":36,"column":null}},"type":"binary-expr","locations":[{"start":{"line":36,"column":15},"end":{"line":36,"column":39}},{"start":{"line":36,"column":39},"end":{"line":36,"column":null}}],"line":36},"5":{"loc":{"start":{"line":37,"column":16},"end":{"line":37,"column":null}},"type":"binary-expr","locations":[{"start":{"line":37,"column":16},"end":{"line":37,"column":41}},{"start":{"line":37,"column":41},"end":{"line":37,"column":null}}],"line":37},"6":{"loc":{"start":{"line":41,"column":4},"end":{"line":53,"column":null}},"type":"switch","locations":[{"start":{"line":42,"column":6},"end":{"line":43,"column":null}},{"start":{"line":45,"column":6},"end":{"line":46,"column":null}},{"start":{"line":48,"column":6},"end":{"line":49,"column":null}},{"start":{"line":51,"column":6},"end":{"line":52,"column":null}}],"line":41}},"s":{"0":10,"1":5,"2":3,"3":1,"4":1,"5":0,"6":10,"7":3,"8":1,"9":1,"10":10},"f":{"0":10,"1":5,"2":3,"3":1,"4":1},"b":{"0":[10],"1":[10,0],"2":[0,0],"3":[0,0],"4":[0,0],"5":[0,0],"6":[3,1,1,0]},"meta":{"lastBranch":7,"lastFunction":5,"lastStatement":11,"seen":{"f:22:9:22:Infinity":0,"b:23:49:23:Infinity":0,"s:31:4:38:Infinity":0,"b:32:8:32:Infinity:33:8:38:Infinity":1,"b:34:19:34:47:34:47:34:Infinity":2,"b:35:15:35:39:35:39:35:Infinity":3,"b:36:15:36:39:36:39:36:Infinity":4,"b:37:16:37:41:37:41:37:Infinity":5,"f:40:11:40:19":1,"b:42:6:43:Infinity:45:6:46:Infinity:48:6:49:Infinity:51:6:52:Infinity":6,"s:41:4:53:Infinity":1,"s:43:8:43:Infinity":2,"s:46:8:46:Infinity":3,"s:49:8:49:Infinity":4,"s:52:8:52:Infinity":5,"s:56:28:56:Infinity":6,"f:58:11:58:29":2,"s:59:4:59:Infinity":7,"f:62:11:62:29":3,"s:63:4:63:Infinity":8,"f:66:11:66:25":4,"s:67:4:67:Infinity":9,"s:70:2:70:Infinity":10},"fnNames":{}}}
,"D:\\task1\\js\\js-training-hariprakash\\react\\session4\\src\\hooks\\useInternForm.tsx": {"path":"D:\\task1\\js\\js-training-hariprakash\\react\\session4\\src\\hooks\\useInternForm.tsx","statementMap":{"0":{"start":{"line":40,"column":37},"end":{"line":45,"column":null}},"1":{"start":{"line":51,"column":26},"end":{"line":51,"column":null}},"2":{"start":{"line":52,"column":28},"end":{"line":52,"column":null}},"3":{"start":{"line":57,"column":34},"end":{"line":57,"column":null}},"4":{"start":{"line":60,"column":6},"end":{"line":64,"column":null}},"5":{"start":{"line":66,"column":4},"end":{"line":69,"column":null}},"6":{"start":{"line":66,"column":21},"end":{"line":69,"column":6}},"7":{"start":{"line":71,"column":4},"end":{"line":73,"column":null}},"8":{"start":{"line":72,"column":6},"end":{"line":72,"column":null}},"9":{"start":{"line":75,"column":4},"end":{"line":81,"column":null}},"10":{"start":{"line":80,"column":6},"end":{"line":80,"column":null}},"11":{"start":{"line":85,"column":4},"end":{"line":85,"column":null}},"12":{"start":{"line":86,"column":4},"end":{"line":86,"column":null}},"13":{"start":{"line":90,"column":28},"end":{"line":93,"column":null}},"14":{"start":{"line":95,"column":4},"end":{"line":98,"column":null}},"15":{"start":{"line":96,"column":6},"end":{"line":96,"column":null}},"16":{"start":{"line":97,"column":6},"end":{"line":97,"column":null}},"17":{"start":{"line":100,"column":4},"end":{"line":100,"column":null}},"18":{"start":{"line":101,"column":4},"end":{"line":101,"column":null}},"19":{"start":{"line":105,"column":28},"end":{"line":108,"column":null}},"20":{"start":{"line":110,"column":4},"end":{"line":113,"column":null}},"21":{"start":{"line":111,"column":6},"end":{"line":111,"column":null}},"22":{"start":{"line":112,"column":6},"end":{"line":112,"column":null}},"23":{"start":{"line":115,"column":4},"end":{"line":118,"column":null}},"24":{"start":{"line":120,"column":4},"end":{"line":120,"column":null}},"25":{"start":{"line":122,"column":4},"end":{"line":122,"column":null}},"26":{"start":{"line":125,"column":2},"end":{"line":132,"column":null}}},"fnMap":{"0":{"name":"useInternForm","decl":{"start":{"line":47,"column":9},"end":{"line":47,"column":null}},"loc":{"start":{"line":50,"column":23},"end":{"line":133,"column":null}},"line":50},"1":{"name":"handleChange","decl":{"start":{"line":54,"column":11},"end":{"line":54,"column":null}},"loc":{"start":{"line":56,"column":10},"end":{"line":82,"column":null}},"line":56},"2":{"name":"(anonymous_2)","decl":{"start":{"line":66,"column":4},"end":{"line":66,"column":12}},"loc":{"start":{"line":66,"column":21},"end":{"line":69,"column":6}},"line":66},"3":{"name":"handleReset","decl":{"start":{"line":84,"column":11},"end":{"line":84,"column":31}},"loc":{"start":{"line":84,"column":31},"end":{"line":87,"column":null}},"line":84},"4":{"name":"isValid","decl":{"start":{"line":89,"column":11},"end":{"line":89,"column":30}},"loc":{"start":{"line":89,"column":30},"end":{"line":102,"column":null}},"line":89},"5":{"name":"handleSubmit","decl":{"start":{"line":104,"column":11},"end":{"line":104,"column":35}},"loc":{"start":{"line":104,"column":35},"end":{"line":123,"column":null}},"line":104}},"branchMap":{"0":{"loc":{"start":{"line":49,"column":2},"end":{"line":49,"column":null}},"type":"default-arg","locations":[{"start":{"line":49,"column":29},"end":{"line":49,"column":null}}],"line":49},"1":{"loc":{"start":{"line":60,"column":6},"end":{"line":64,"column":null}},"type":"cond-expr","locations":[{"start":{"line":61,"column":11},"end":{"line":61,"column":null}},{"start":{"line":62,"column":10},"end":{"line":64,"column":null}}],"line":60},"2":{"loc":{"start":{"line":62,"column":10},"end":{"line":64,"column":null}},"type":"cond-expr","locations":[{"start":{"line":63,"column":12},"end":{"line":63,"column":null}},{"start":{"line":64,"column":12},"end":{"line":64,"column":null}}],"line":62},"3":{"loc":{"start":{"line":71,"column":4},"end":{"line":73,"column":null}},"type":"if","locations":[{"start":{"line":71,"column":4},"end":{"line":73,"column":null}},{"start":{},"end":{}}],"line":71},"4":{"loc":{"start":{"line":71,"column":8},"end":{"line":71,"column":53}},"type":"binary-expr","locations":[{"start":{"line":71,"column":8},"end":{"line":71,"column":27}},{"start":{"line":71,"column":27},"end":{"line":71,"column":53}}],"line":71},"5":{"loc":{"start":{"line":75,"column":4},"end":{"line":81,"column":null}},"type":"if","locations":[{"start":{"line":75,"column":4},"end":{"line":81,"column":null}},{"start":{},"end":{}}],"line":75},"6":{"loc":{"start":{"line":76,"column":6},"end":{"line":78,"column":null}},"type":"binary-expr","locations":[{"start":{"line":76,"column":6},"end":{"line":76,"column":null}},{"start":{"line":77,"column":6},"end":{"line":77,"column":null}},{"start":{"line":78,"column":6},"end":{"line":78,"column":null}}],"line":76},"7":{"loc":{"start":{"line":95,"column":4},"end":{"line":98,"column":null}},"type":"if","locations":[{"start":{"line":95,"column":4},"end":{"line":98,"column":null}},{"start":{},"end":{}}],"line":95},"8":{"loc":{"start":{"line":110,"column":4},"end":{"line":113,"column":null}},"type":"if","locations":[{"start":{"line":110,"column":4},"end":{"line":113,"column":null}},{"start":{},"end":{}}],"line":110}},"s":{"0":4,"1":60,"2":60,"3":31,"4":31,"5":31,"6":31,"7":31,"8":21,"9":31,"10":9,"11":4,"12":4,"13":4,"14":4,"15":1,"16":1,"17":3,"18":3,"19":8,"20":8,"21":5,"22":5,"23":3,"24":3,"25":3,"26":60},"f":{"0":60,"1":31,"2":31,"3":4,"4":4,"5":8},"b":{"0":[60],"1":[0,31],"2":[10,21],"3":[21,10],"4":[31,21],"5":[9,22],"6":[31,10,10],"7":[1,3],"8":[5,3]},"meta":{"lastBranch":9,"lastFunction":6,"lastStatement":27,"seen":{"s:40:37:45:Infinity":0,"f:47:9:47:Infinity":0,"b:49:29:49:Infinity":0,"s:51:26:51:Infinity":1,"s:52:28:52:Infinity":2,"f:54:11:54:Infinity":1,"s:57:34:57:Infinity":3,"s:60:6:64:Infinity":4,"b:61:11:61:Infinity:62:10:64:Infinity":1,"b:63:12:63:Infinity:64:12:64:Infinity":2,"s:66:4:69:Infinity":5,"f:66:4:66:12":2,"s:66:21:69:6":6,"b:71:4:73:Infinity:undefined:undefined:undefined:undefined":3,"s:71:4:73:Infinity":7,"b:71:8:71:27:71:27:71:53":4,"s:72:6:72:Infinity":8,"b:75:4:81:Infinity:undefined:undefined:undefined:undefined":5,"s:75:4:81:Infinity":9,"b:76:6:76:Infinity:77:6:77:Infinity:78:6:78:Infinity":6,"s:80:6:80:Infinity":10,"f:84:11:84:31":3,"s:85:4:85:Infinity":11,"s:86:4:86:Infinity":12,"f:89:11:89:30":4,"s:90:28:93:Infinity":13,"b:95:4:98:Infinity:undefined:undefined:undefined:undefined":7,"s:95:4:98:Infinity":14,"s:96:6:96:Infinity":15,"s:97:6:97:Infinity":16,"s:100:4:100:Infinity":17,"s:101:4:101:Infinity":18,"f:104:11:104:35":5,"s:105:28:108:Infinity":19,"b:110:4:113:Infinity:undefined:undefined:undefined:undefined":8,"s:110:4:113:Infinity":20,"s:111:6:111:Infinity":21,"s:112:6:112:Infinity":22,"s:115:4:118:Infinity":23,"s:120:4:120:Infinity":24,"s:122:4:122:Infinity":25,"s:125:2:132:Infinity":26},"fnNames":{}}}
,"D:\\task1\\js\\js-training-hariprakash\\react\\session4\\src\\hooks\\useInternSearch.tsx": {"path":"D:\\task1\\js\\js-training-hariprakash\\react\\session4\\src\\hooks\\useInternSearch.tsx","statementMap":{"0":{"start":{"line":27,"column":19},"end":{"line":30,"column":null}},"1":{"start":{"line":28,"column":10},"end":{"line":28,"column":null}},"2":{"start":{"line":32,"column":2},"end":{"line":32,"column":null}}},"fnMap":{"0":{"name":"useInternSearch","decl":{"start":{"line":22,"column":9},"end":{"line":22,"column":null}},"loc":{"start":{"line":26,"column":12},"end":{"line":33,"column":null}},"line":26},"1":{"name":"(anonymous_1)","decl":{"start":{"line":27,"column":19},"end":{"line":27,"column":null}},"loc":{"start":{"line":28,"column":10},"end":{"line":28,"column":null}},"line":28}},"branchMap":{"0":{"loc":{"start":{"line":25,"column":2},"end":{"line":25,"column":null}},"type":"default-arg","locations":[{"start":{"line":25,"column":33},"end":{"line":25,"column":null}}],"line":25}},"s":{"0":1,"1":1,"2":1},"f":{"0":1,"1":1},"b":{"0":[1]},"meta":{"lastBranch":1,"lastFunction":2,"lastStatement":3,"seen":{"f:22:9:22:Infinity":0,"b:25:33:25:Infinity":0,"s:27:19:30:Infinity":0,"f:27:19:27:Infinity":1,"s:28:10:28:Infinity":1,"s:32:2:32:Infinity":2},"fnNames":{}}}
,"D:\\task1\\js\\js-training-hariprakash\\react\\session4\\src\\test\\test-utils.tsx": {"path":"D:\\task1\\js\\js-training-hariprakash\\react\\session4\\src\\test\\test-utils.tsx","statementMap":{"0":{"start":{"line":9,"column":2},"end":{"line":9,"column":null}},"1":{"start":{"line":13,"column":2},"end":{"line":13,"column":null}}},"fnMap":{"0":{"name":"AllProviders","decl":{"start":{"line":8,"column":9},"end":{"line":8,"column":22}},"loc":{"start":{"line":8,"column":61},"end":{"line":10,"column":null}},"line":8},"1":{"name":"customRender","decl":{"start":{"line":12,"column":9},"end":{"line":12,"column":22}},"loc":{"start":{"line":12,"column":71},"end":{"line":14,"column":null}},"line":12}},"branchMap":{},"s":{"0":33,"1":33},"f":{"0":33,"1":33},"b":{},"meta":{"lastBranch":0,"lastFunction":2,"lastStatement":2,"seen":{"f:8:9:8:22":0,"s:9:2:9:Infinity":0,"f:12:9:12:22":1,"s:13:2:13:Infinity":1},"fnNames":{}}}
,"D:\\task1\\js\\js-training-hariprakash\\react\\session4\\src\\utils\\generate-id.ts": {"path":"D:\\task1\\js\\js-training-hariprakash\\react\\session4\\src\\utils\\generate-id.ts","statementMap":{"0":{"start":{"line":5,"column":2},"end":{"line":5,"column":null}}},"fnMap":{"0":{"name":"generateInternId","decl":{"start":{"line":1,"column":16},"end":{"line":1,"column":null}},"loc":{"start":{"line":4,"column":10},"end":{"line":6,"column":null}},"line":4}},"branchMap":{"0":{"loc":{"start":{"line":2,"column":2},"end":{"line":2,"column":null}},"type":"default-arg","locations":[{"start":{"line":2,"column":22},"end":{"line":2,"column":null}}],"line":2},"1":{"loc":{"start":{"line":3,"column":2},"end":{"line":3,"column":null}},"type":"default-arg","locations":[{"start":{"line":3,"column":25},"end":{"line":3,"column":null}}],"line":3}},"s":{"0":3},"f":{"0":3},"b":{"0":[3],"1":[3]},"meta":{"lastBranch":2,"lastFunction":1,"lastStatement":1,"seen":{"f:1:16:1:Infinity":0,"b:2:22:2:Infinity":0,"b:3:25:3:Infinity":1,"s:5:2:5:Infinity":0},"fnNames":{}}}
,"D:\\task1\\js\\js-training-hariprakash\\react\\session4\\src\\utils\\intern-save.ts": {"path":"D:\\task1\\js\\js-training-hariprakash\\react\\session4\\src\\utils\\intern-save.ts","statementMap":{"0":{"start":{"line":9,"column":2},"end":{"line":11,"column":null}},"1":{"start":{"line":10,"column":4},"end":{"line":10,"column":null}},"2":{"start":{"line":13,"column":2},"end":{"line":15,"column":null}},"3":{"start":{"line":14,"column":4},"end":{"line":14,"column":null}},"4":{"start":{"line":17,"column":2},"end":{"line":17,"column":null}},"5":{"start":{"line":24,"column":2},"end":{"line":27,"column":null}}},"fnMap":{"0":{"name":"prepareInternPayload","decl":{"start":{"line":8,"column":16},"end":{"line":8,"column":37}},"loc":{"start":{"line":8,"column":68},"end":{"line":18,"column":null}},"line":8},"1":{"name":"saveIntern","decl":{"start":{"line":20,"column":22},"end":{"line":20,"column":null}},"loc":{"start":{"line":23,"column":17},"end":{"line":28,"column":null}},"line":23}},"branchMap":{"0":{"loc":{"start":{"line":9,"column":2},"end":{"line":11,"column":null}},"type":"if","locations":[{"start":{"line":9,"column":2},"end":{"line":11,"column":null}},{"start":{},"end":{}}],"line":9},"1":{"loc":{"start":{"line":13,"column":2},"end":{"line":15,"column":null}},"type":"if","locations":[{"start":{"line":13,"column":2},"end":{"line":15,"column":null}},{"start":{},"end":{}}],"line":13},"2":{"loc":{"start":{"line":13,"column":6},"end":{"line":13,"column":42}},"type":"binary-expr","locations":[{"start":{"line":13,"column":6},"end":{"line":13,"column":24}},{"start":{"line":13,"column":24},"end":{"line":13,"column":42}}],"line":13}},"s":{"0":1,"1":0,"2":1,"3":0,"4":1,"5":0},"f":{"0":1,"1":0},"b":{"0":[0,1],"1":[0,1],"2":[1,1]},"meta":{"lastBranch":3,"lastFunction":2,"lastStatement":6,"seen":{"f:8:16:8:37":0,"b:9:2:11:Infinity:undefined:undefined:undefined:undefined":0,"s:9:2:11:Infinity":0,"s:10:4:10:Infinity":1,"b:13:2:15:Infinity:undefined:undefined:undefined:undefined":1,"s:13:2:15:Infinity":2,"b:13:6:13:24:13:24:13:42":2,"s:14:4:14:Infinity":3,"s:17:2:17:Infinity":4,"f:20:22:20:Infinity":1,"s:24:2:27:Infinity":5},"fnNames":{}}}
,"D:\\task1\\js\\js-training-hariprakash\\react\\session4\\src\\utils\\intern-utils.ts": {"path":"D:\\task1\\js\\js-training-hariprakash\\react\\session4\\src\\utils\\intern-utils.ts","statementMap":{"0":{"start":{"line":13,"column":17},"end":{"line":13,"column":null}},"1":{"start":{"line":15,"column":2},"end":{"line":19,"column":null}},"2":{"start":{"line":17,"column":6},"end":{"line":18,"column":null}}},"fnMap":{"0":{"name":"filterInterns","decl":{"start":{"line":9,"column":16},"end":{"line":9,"column":null}},"loc":{"start":{"line":12,"column":12},"end":{"line":20,"column":null}},"line":12},"1":{"name":"(anonymous_1)","decl":{"start":{"line":15,"column":17},"end":{"line":15,"column":null}},"loc":{"start":{"line":17,"column":6},"end":{"line":18,"column":null}},"line":17}},"branchMap":{"0":{"loc":{"start":{"line":17,"column":6},"end":{"line":18,"column":null}},"type":"binary-expr","locations":[{"start":{"line":17,"column":6},"end":{"line":17,"column":null}},{"start":{"line":18,"column":6},"end":{"line":18,"column":null}}],"line":17}},"s":{"0":6,"1":6,"2":24},"f":{"0":6,"1":24},"b":{"0":[24,18]},"meta":{"lastBranch":1,"lastFunction":2,"lastStatement":3,"seen":{"f:9:16:9:Infinity":0,"s:13:17:13:Infinity":0,"s:15:2:19:Infinity":1,"f:15:17:15:Infinity":1,"s:17:6:18:Infinity":2,"b:17:6:17:Infinity:18:6:18:Infinity":0},"fnNames":{}}}
,"D:\\task1\\js\\js-training-hariprakash\\react\\session4\\src\\utils\\intern-validation.ts": {"path":"D:\\task1\\js\\js-training-hariprakash\\react\\session4\\src\\utils\\intern-validation.ts","statementMap":{"0":{"start":{"line":5,"column":2},"end":{"line":7,"column":null}},"1":{"start":{"line":6,"column":4},"end":{"line":6,"column":null}},"2":{"start":{"line":9,"column":2},"end":{"line":11,"column":null}},"3":{"start":{"line":10,"column":4},"end":{"line":10,"column":null}},"4":{"start":{"line":13,"column":2},"end":{"line":13,"column":null}}},"fnMap":{"0":{"name":"validateInternForm","decl":{"start":{"line":1,"column":16},"end":{"line":1,"column":null}},"loc":{"start":{"line":4,"column":17},"end":{"line":14,"column":null}},"line":4}},"branchMap":{"0":{"loc":{"start":{"line":5,"column":2},"end":{"line":7,"column":null}},"type":"if","locations":[{"start":{"line":5,"column":2},"end":{"line":7,"column":null}},{"start":{},"end":{}}],"line":5},"1":{"loc":{"start":{"line":9,"column":2},"end":{"line":11,"column":null}},"type":"if","locations":[{"start":{"line":9,"column":2},"end":{"line":11,"column":null}},{"start":{},"end":{}}],"line":9},"2":{"loc":{"start":{"line":9,"column":6},"end":{"line":9,"column":32}},"type":"binary-expr","locations":[{"start":{"line":9,"column":6},"end":{"line":9,"column":19}},{"start":{"line":9,"column":19},"end":{"line":9,"column":32}}],"line":9}},"s":{"0":21,"1":8,"2":13,"3":3,"4":10},"f":{"0":21},"b":{"0":[8,13],"1":[3,10],"2":[13,12]},"meta":{"lastBranch":3,"lastFunction":1,"lastStatement":5,"seen":{"f:1:16:1:Infinity":0,"b:5:2:7:Infinity:undefined:undefined:undefined:undefined":0,"s:5:2:7:Infinity":0,"s:6:4:6:Infinity":1,"b:9:2:11:Infinity:undefined:undefined:undefined:undefined":1,"s:9:2:11:Infinity":2,"b:9:6:9:19:9:19:9:32":2,"s:10:4:10:Infinity":3,"s:13:2:13:Infinity":4},"fnNames":{}}}
}
